# JRE version: OpenJDK Runtime Environment (11.0.20.1+1) (build 11.0.20.1+1-post-Ubuntu-0ubuntu122.04)
# Java VM: OpenJDK 64-Bit Server VM (11.0.20.1+1-post-Ubuntu-0ubuntu122.04, mixed mode, sharing, tiered, compressed oops, g1 gc, linux-amd64)
Heap:
 garbage-first heap   total 223232K, used 103518K [0x00000000d1200000, 0x0000000100000000)
  region size 1024K, 84 young (86016K), 5 survivors (5120K)
 Metaspace       used 26868K, capacity 27791K, committed 28080K, reserved 1073152K
  class space    used 3137K, capacity 3537K, committed 3584K, reserved 1048576K
GC Heap History (14 events):
Event: 0.224 GC heap before
{Heap before GC invocations=0 (full 0):
 garbage-first heap   total 223232K, used 13008K [0x00000000d1200000, 0x0000000100000000)
  region size 1024K, 11 young (11264K), 0 survivors (0K)
 Metaspace       used 1990K, capacity 5052K, committed 5120K, reserved 1056768K
  class space    used 190K, capacity 491K, committed 512K, reserved 1048576K
}
Event: 0.229 GC heap after
{Heap after GC invocations=1 (full 0):
 garbage-first heap   total 223232K, used 6507K [0x00000000d1200000, 0x0000000100000000)
  region size 1024K, 2 young (2048K), 2 survivors (2048K)
 Metaspace       used 1990K, capacity 5052K, committed 5120K, reserved 1056768K
  class space    used 190K, capacity 491K, committed 512K, reserved 1048576K
}
Event: 0.279 GC heap before
{Heap before GC invocations=1 (full 0):
 garbage-first heap   total 223232K, used 16747K [0x00000000d1200000, 0x0000000100000000)
  region size 1024K, 10 young (10240K), 2 survivors (2048K)
 Metaspace       used 2092K, capacity 5052K, committed 5120K, reserved 1056768K
  class space    used 190K, capacity 491K, committed 512K, reserved 1048576K
}
Event: 0.283 GC heap after
{Heap after GC invocations=2 (full 0):
 garbage-first heap   total 223232K, used 14579K [0x00000000d1200000, 0x0000000100000000)
  region size 1024K, 2 young (2048K), 2 survivors (2048K)
 Metaspace       used 2092K, capacity 5052K, committed 5120K, reserved 1056768K
  class space    used 190K, capacity 491K, committed 512K, reserved 1048576K
}
Event: 0.564 GC heap before
{Heap before GC invocations=2 (full 0):
 garbage-first heap   total 223232K, used 33011K [0x00000000d1200000, 0x0000000100000000)
  region size 1024K, 19 young (19456K), 2 survivors (2048K)
 Metaspace       used 6446K, capacity 7284K, committed 7552K, reserved 1056768K
  class space    used 703K, capacity 834K, committed 896K, reserved 1048576K
}
Event: 0.568 GC heap after
{Heap after GC invocations=3 (full 0):
 garbage-first heap   total 223232K, used 19061K [0x00000000d1200000, 0x0000000100000000)
  region size 1024K, 3 young (3072K), 3 survivors (3072K)
 Metaspace       used 6446K, capacity 7284K, committed 7552K, reserved 1056768K
  class space    used 703K, capacity 834K, committed 896K, reserved 1048576K
}
Event: 0.896 GC heap before
{Heap before GC invocations=3 (full 0):
 garbage-first heap   total 223232K, used 42613K [0x00000000d1200000, 0x0000000100000000)
  region size 1024K, 27 young (27648K), 3 survivors (3072K)
 Metaspace       used 9490K, capacity 9720K, committed 10112K, reserved 1058816K
  class space    used 1007K, capacity 1112K, committed 1152K, reserved 1048576K
}
Event: 0.899 GC heap after
{Heap after GC invocations=4 (full 0):
 garbage-first heap   total 223232K, used 19915K [0x00000000d1200000, 0x0000000100000000)
  region size 1024K, 1 young (1024K), 1 survivors (1024K)
 Metaspace       used 9490K, capacity 9720K, committed 10112K, reserved 1058816K
  class space    used 1007K, capacity 1112K, committed 1152K, reserved 1048576K
}
Event: 1.013 GC heap before
{Heap before GC invocations=4 (full 0):
 garbage-first heap   total 223232K, used 57803K [0x00000000d1200000, 0x0000000100000000)
  region size 1024K, 38 young (38912K), 1 survivors (1024K)
 Metaspace       used 9512K, capacity 9784K, committed 10112K, reserved 1058816K
  class space    used 1007K, capacity 1112K, committed 1152K, reserved 1048576K
}
Event: 1.015 GC heap after
{Heap after GC invocations=5 (full 0):
 garbage-first heap   total 223232K, used 19937K [0x00000000d1200000, 0x0000000100000000)
  region size 1024K, 1 young (1024K), 1 survivors (1024K)
 Metaspace       used 9512K, capacity 9784K, committed 10112K, reserved 1058816K
  class space    used 1007K, capacity 1112K, committed 1152K, reserved 1048576K
}
Event: 1.459 GC heap before
{Heap before GC invocations=5 (full 0):
 garbage-first heap   total 223232K, used 78305K [0x00000000d1200000, 0x0000000100000000)
  region size 1024K, 58 young (59392K), 1 survivors (1024K)
 Metaspace       used 15394K, capacity 15776K, committed 16000K, reserved 1062912K
  class space    used 1719K, capacity 1875K, committed 1920K, reserved 1048576K
}
Event: 1.462 GC heap after
{Heap after GC invocations=6 (full 0):
 garbage-first heap   total 223232K, used 21241K [0x00000000d1200000, 0x0000000100000000)
  region size 1024K, 3 young (3072K), 3 survivors (3072K)
 Metaspace       used 15394K, capacity 15776K, committed 16000K, reserved 1062912K
  class space    used 1719K, capacity 1875K, committed 1920K, reserved 1048576K
}
Event: 1.890 GC heap before
{Heap before GC invocations=6 (full 0):
 garbage-first heap   total 223232K, used 93945K [0x00000000d1200000, 0x0000000100000000)
  region size 1024K, 75 young (76800K), 3 survivors (3072K)
 Metaspace       used 20601K, capacity 21152K, committed 21296K, reserved 1069056K
  class space    used 2343K, capacity 2599K, committed 2688K, reserved 1048576K
}
Event: 1.897 GC heap after
{Heap after GC invocations=7 (full 0):
 garbage-first heap   total 223232K, used 23646K [0x00000000d1200000, 0x0000000100000000)
  region size 1024K, 5 young (5120K), 5 survivors (5120K)
 Metaspace       used 20601K, capacity 21152K, committed 21296K, reserved 1069056K
  class space    used 2343K, capacity 2599K, committed 2688K, reserved 1048576K
}

