# JRE version: OpenJDK Runtime Environment (11.0.20.1+1) (build 11.0.20.1+1-post-Ubuntu-0ubuntu122.04)
# Java VM: OpenJDK 64-Bit Server VM (11.0.20.1+1-post-Ubuntu-0ubuntu122.04, mixed mode, sharing, tiered, compressed oops, g1 gc, linux-amd64)
Heap:
 garbage-first heap   total 223232K, used 108653K [0x00000000d1200000, 0x0000000100000000)
  region size 1024K, 89 young (91136K), 5 survivors (5120K)
 Metaspace       used 27285K, capacity 28201K, committed 28412K, reserved 1075200K
  class space    used 3149K, capacity 3536K, committed 3580K, reserved 1048576K
GC Heap History (14 events):
Event: 0.257 GC heap before
{Heap before GC invocations=0 (full 0):
 garbage-first heap   total 223232K, used 10960K [0x00000000d1200000, 0x0000000100000000)
  region size 1024K, 11 young (11264K), 0 survivors (0K)
 Metaspace       used 1820K, capacity 5055K, committed 5120K, reserved 1056768K
  class space    used 173K, capacity 490K, committed 512K, reserved 1048576K
}
Event: 0.263 GC heap after
{Heap after GC invocations=1 (full 0):
 garbage-first heap   total 223232K, used 4676K [0x00000000d1200000, 0x0000000100000000)
  region size 1024K, 2 young (2048K), 2 survivors (2048K)
 Metaspace       used 1820K, capacity 5055K, committed 5120K, reserved 1056768K
  class space    used 173K, capacity 490K, committed 512K, reserved 1048576K
}
Event: 0.330 GC heap before
{Heap before GC invocations=1 (full 0):
 garbage-first heap   total 223232K, used 17988K [0x00000000d1200000, 0x0000000100000000)
  region size 1024K, 11 young (11264K), 2 survivors (2048K)
 Metaspace       used 1952K, capacity 5055K, committed 5120K, reserved 1056768K
  class space    used 173K, capacity 490K, committed 512K, reserved 1048576K
}
Event: 0.335 GC heap after
{Heap after GC invocations=2 (full 0):
 garbage-first heap   total 223232K, used 13708K [0x00000000d1200000, 0x0000000100000000)
  region size 1024K, 2 young (2048K), 2 survivors (2048K)
 Metaspace       used 1952K, capacity 5055K, committed 5120K, reserved 1056768K
  class space    used 173K, capacity 490K, committed 512K, reserved 1048576K
}
Event: 0.713 GC heap before
{Heap before GC invocations=2 (full 0):
 garbage-first heap   total 223232K, used 38284K [0x00000000d1200000, 0x0000000100000000)
  region size 1024K, 25 young (25600K), 2 survivors (2048K)
 Metaspace       used 6750K, capacity 7548K, committed 7808K, reserved 1056768K
  class space    used 740K, capacity 877K, committed 896K, reserved 1048576K
}
Event: 0.717 GC heap after
{Heap after GC invocations=3 (full 0):
 garbage-first heap   total 223232K, used 19084K [0x00000000d1200000, 0x0000000100000000)
  region size 1024K, 4 young (4096K), 4 survivors (4096K)
 Metaspace       used 6750K, capacity 7548K, committed 7808K, reserved 1056768K
  class space    used 740K, capacity 877K, committed 896K, reserved 1048576K
}
Event: 1.104 GC heap before
{Heap before GC invocations=3 (full 0):
 garbage-first heap   total 223232K, used 47756K [0x00000000d1200000, 0x0000000100000000)
  region size 1024K, 32 young (32768K), 4 survivors (4096K)
 Metaspace       used 9422K, capacity 9684K, committed 9856K, reserved 1058816K
  class space    used 989K, capacity 1071K, committed 1152K, reserved 1048576K
}
Event: 1.107 GC heap after
{Heap after GC invocations=4 (full 0):
 garbage-first heap   total 223232K, used 19964K [0x00000000d1200000, 0x0000000100000000)
  region size 1024K, 1 young (1024K), 1 survivors (1024K)
 Metaspace       used 9422K, capacity 9684K, committed 9856K, reserved 1058816K
  class space    used 989K, capacity 1071K, committed 1152K, reserved 1048576K
}
Event: 1.228 GC heap before
{Heap before GC invocations=4 (full 0):
 garbage-first heap   total 223232K, used 60924K [0x00000000d1200000, 0x0000000100000000)
  region size 1024K, 41 young (41984K), 1 survivors (1024K)
 Metaspace       used 9820K, capacity 10100K, committed 10496K, reserved 1058816K
  class space    used 1070K, capacity 1167K, committed 1280K, reserved 1048576K
}
Event: 1.231 GC heap after
{Heap after GC invocations=5 (full 0):
 garbage-first heap   total 223232K, used 20050K [0x00000000d1200000, 0x0000000100000000)
  region size 1024K, 1 young (1024K), 1 survivors (1024K)
 Metaspace       used 9820K, capacity 10100K, committed 10496K, reserved 1058816K
  class space    used 1070K, capacity 1167K, committed 1280K, reserved 1048576K
}
Event: 1.664 GC heap before
{Heap before GC invocations=5 (full 0):
 garbage-first heap   total 223232K, used 80466K [0x00000000d1200000, 0x0000000100000000)
  region size 1024K, 60 young (61440K), 1 survivors (1024K)
 Metaspace       used 16502K, capacity 16808K, committed 16896K, reserved 1064960K
  class space    used 1844K, capacity 1981K, committed 2048K, reserved 1048576K
}
Event: 1.667 GC heap after
{Heap after GC invocations=6 (full 0):
 garbage-first heap   total 223232K, used 21073K [0x00000000d1200000, 0x0000000100000000)
  region size 1024K, 2 young (2048K), 2 survivors (2048K)
 Metaspace       used 16502K, capacity 16808K, committed 16896K, reserved 1064960K
  class space    used 1844K, capacity 1981K, committed 2048K, reserved 1048576K
}
Event: 2.051 GC heap before
{Heap before GC invocations=6 (full 0):
 garbage-first heap   total 223232K, used 89681K [0x00000000d1200000, 0x0000000100000000)
  region size 1024K, 70 young (71680K), 2 survivors (2048K)
 Metaspace       used 20641K, capacity 21206K, committed 21296K, reserved 1069056K
  class space    used 2331K, capacity 2566K, committed 2608K, reserved 1048576K
}
Event: 2.058 GC heap after
{Heap after GC invocations=7 (full 0):
 garbage-first heap   total 223232K, used 23661K [0x00000000d1200000, 0x0000000100000000)
  region size 1024K, 5 young (5120K), 5 survivors (5120K)
 Metaspace       used 20641K, capacity 21206K, committed 21296K, reserved 1069056K
  class space    used 2331K, capacity 2566K, committed 2608K, reserved 1048576K
}

