# JRE version: Java(TM) SE Runtime Environment (8.0_191-b12) (build 1.8.0_191-b12)
# Java VM: Java HotSpot(TM) 64-Bit Server VM (25.191-b12 mixed mode linux-amd64 compressed oops)
Heap:
 garbage-first heap   total 256000K, used 71376K [0x00000000d1200000, 0x00000000d13007d0, 0x0000000100000000)
  region size 1024K, 67 young (68608K), 14 survivors (14336K)
 Metaspace       used 30425K, capacity 30710K, committed 31104K, reserved 1077248K
  class space    used 3508K, capacity 3609K, committed 3712K, reserved 1048576K
GC Heap History (8 events):
Event: 0,289 GC heap before
{Heap before GC invocations=0 (full 0):
 garbage-first heap   total 256000K, used 12889K [0x00000000d1200000, 0x00000000d13007d0, 0x0000000100000000)
  region size 1024K, 12 young (12288K), 0 survivors (0K)
 Metaspace       used 5668K, capacity 5822K, committed 5888K, reserved 1056768K
  class space    used 645K, capacity 707K, committed 768K, reserved 1048576K
Event: 0,295 GC heap after
Heap after GC invocations=1 (full 0):
 garbage-first heap   total 256000K, used 2701K [0x00000000d1200000, 0x00000000d13007d0, 0x0000000100000000)
  region size 1024K, 2 young (2048K), 2 survivors (2048K)
 Metaspace       used 5668K, capacity 5822K, committed 5888K, reserved 1056768K
  class space    used 645K, capacity 707K, committed 768K, reserved 1048576K
}
Event: 0,471 GC heap before
{Heap before GC invocations=1 (full 0):
 garbage-first heap   total 256000K, used 17037K [0x00000000d1200000, 0x00000000d13007d0, 0x0000000100000000)
  region size 1024K, 16 young (16384K), 2 survivors (2048K)
 Metaspace       used 8775K, capacity 8996K, committed 9088K, reserved 1056768K
  class space    used 1044K, capacity 1124K, committed 1152K, reserved 1048576K
Event: 0,477 GC heap after
Heap after GC invocations=2 (full 0):
 garbage-first heap   total 256000K, used 5214K [0x00000000d1200000, 0x00000000d13007d0, 0x0000000100000000)
  region size 1024K, 2 young (2048K), 2 survivors (2048K)
 Metaspace       used 8775K, capacity 8996K, committed 9088K, reserved 1056768K
  class space    used 1044K, capacity 1124K, committed 1152K, reserved 1048576K
}
Event: 1,449 GC heap before
{Heap before GC invocations=2 (full 0):
 garbage-first heap   total 256000K, used 148574K [0x00000000d1200000, 0x00000000d13007d0, 0x0000000100000000)
  region size 1024K, 143 young (146432K), 2 survivors (2048K)
 Metaspace       used 20939K, capacity 21102K, committed 21296K, reserved 1069056K
  class space    used 2552K, capacity 2635K, committed 2688K, reserved 1048576K
Event: 1,459 GC heap after
Heap after GC invocations=3 (full 0):
 garbage-first heap   total 256000K, used 14379K [0x00000000d1200000, 0x00000000d13007d0, 0x0000000100000000)
  region size 1024K, 11 young (11264K), 11 survivors (11264K)
 Metaspace       used 20939K, capacity 21102K, committed 21296K, reserved 1069056K
  class space    used 2552K, capacity 2635K, committed 2688K, reserved 1048576K
}
Event: 50,029 GC heap before
{Heap before GC invocations=4 (full 0):
 garbage-first heap   total 256000K, used 115598K [0x00000000d1200000, 0x00000000d13007d0, 0x0000000100000000)
  region size 1024K, 107 young (109568K), 11 survivors (11264K)
 Metaspace       used 26142K, capacity 26390K, committed 26752K, reserved 1073152K
  class space    used 3126K, capacity 3193K, committed 3200K, reserved 1048576K
Event: 50,038 GC heap after
Heap after GC invocations=5 (full 0):
 garbage-first heap   total 256000K, used 18128K [0x00000000d1200000, 0x00000000d13007d0, 0x0000000100000000)
  region size 1024K, 14 young (14336K), 14 survivors (14336K)
 Metaspace       used 26142K, capacity 26390K, committed 26752K, reserved 1073152K
  class space    used 3126K, capacity 3193K, committed 3200K, reserved 1048576K
}

