# JRE version: OpenJDK Runtime Environment (11.0.20.1+1) (build 11.0.20.1+1-post-Ubuntu-0ubuntu122.04)
# Java VM: OpenJDK 64-Bit Server VM (11.0.20.1+1-post-Ubuntu-0ubuntu122.04, mixed mode, sharing, tiered, compressed oops, g1 gc, linux-amd64)
Heap:
 garbage-first heap   total 223232K, used 111324K [0x00000000d1200000, 0x0000000100000000)
  region size 1024K, 93 young (95232K), 6 survivors (6144K)
 Metaspace       used 27412K, capacity 28294K, committed 28412K, reserved 1075200K
  class space    used 3159K, capacity 3546K, committed 3580K, reserved 1048576K
GC Heap History (12 events):
Event: 0.353 GC heap before
{Heap before GC invocations=0 (full 0):
 garbage-first heap   total 223232K, used 10960K [0x00000000d1200000, 0x0000000100000000)
  region size 1024K, 11 young (11264K), 0 survivors (0K)
 Metaspace       used 1805K, capacity 5055K, committed 5120K, reserved 1056768K
  class space    used 168K, capacity 490K, committed 512K, reserved 1048576K
}
Event: 0.359 GC heap after
{Heap after GC invocations=1 (full 0):
 garbage-first heap   total 223232K, used 4656K [0x00000000d1200000, 0x0000000100000000)
  region size 1024K, 2 young (2048K), 2 survivors (2048K)
 Metaspace       used 1805K, capacity 5055K, committed 5120K, reserved 1056768K
  class space    used 168K, capacity 490K, committed 512K, reserved 1048576K
}
Event: 0.722 GC heap before
{Heap before GC invocations=1 (full 0):
 garbage-first heap   total 223232K, used 37424K [0x00000000d1200000, 0x0000000100000000)
  region size 1024K, 28 young (28672K), 2 survivors (2048K)
 Metaspace       used 5615K, capacity 6715K, committed 6912K, reserved 1056768K
  class space    used 569K, capacity 727K, committed 768K, reserved 1048576K
}
Event: 0.729 GC heap after
{Heap after GC invocations=2 (full 0):
 garbage-first heap   total 223232K, used 18303K [0x00000000d1200000, 0x0000000100000000)
  region size 1024K, 4 young (4096K), 4 survivors (4096K)
 Metaspace       used 5615K, capacity 6715K, committed 6912K, reserved 1056768K
  class space    used 569K, capacity 727K, committed 768K, reserved 1048576K
}
Event: 1.655 GC heap before
{Heap before GC invocations=2 (full 0):
 garbage-first heap   total 223232K, used 38783K [0x00000000d1200000, 0x0000000100000000)
  region size 1024K, 24 young (24576K), 4 survivors (4096K)
 Metaspace       used 9060K, capacity 9358K, committed 9600K, reserved 1058816K
  class space    used 987K, capacity 1070K, committed 1152K, reserved 1048576K
}
Event: 1.663 GC heap after
{Heap after GC invocations=3 (full 0):
 garbage-first heap   total 223232K, used 19422K [0x00000000d1200000, 0x0000000100000000)
  region size 1024K, 2 young (2048K), 2 survivors (2048K)
 Metaspace       used 9060K, capacity 9358K, committed 9600K, reserved 1058816K
  class space    used 987K, capacity 1070K, committed 1152K, reserved 1048576K
}
Event: 1.766 GC heap before
{Heap before GC invocations=3 (full 0):
 garbage-first heap   total 223232K, used 47070K [0x00000000d1200000, 0x0000000100000000)
  region size 1024K, 30 young (30720K), 2 survivors (2048K)
 Metaspace       used 9465K, capacity 9684K, committed 9856K, reserved 1058816K
  class space    used 989K, capacity 1071K, committed 1152K, reserved 1048576K
}
Event: 1.768 GC heap after
{Heap after GC invocations=4 (full 0):
 garbage-first heap   total 223232K, used 19465K [0x00000000d1200000, 0x0000000100000000)
  region size 1024K, 2 young (2048K), 2 survivors (2048K)
 Metaspace       used 9465K, capacity 9684K, committed 9856K, reserved 1058816K
  class space    used 989K, capacity 1071K, committed 1152K, reserved 1048576K
}
Event: 2.675 GC heap before
{Heap before GC invocations=4 (full 0):
 garbage-first heap   total 223232K, used 149513K [0x00000000d1200000, 0x0000000100000000)
  region size 1024K, 129 young (132096K), 2 survivors (2048K)
 Metaspace       used 18900K, capacity 19420K, committed 19584K, reserved 1067008K
  class space    used 2129K, capacity 2336K, committed 2432K, reserved 1048576K
}
Event: 2.681 GC heap after
{Heap after GC invocations=5 (full 0):
 garbage-first heap   total 223232K, used 21772K [0x00000000d1200000, 0x0000000100000000)
  region size 1024K, 4 young (4096K), 4 survivors (4096K)
 Metaspace       used 18900K, capacity 19420K, committed 19584K, reserved 1067008K
  class space    used 2129K, capacity 2336K, committed 2432K, reserved 1048576K
}
Event: 2.876 GC heap before
{Heap before GC invocations=5 (full 0):
 garbage-first heap   total 223232K, used 48396K [0x00000000d1200000, 0x0000000100000000)
  region size 1024K, 32 young (32768K), 4 survivors (4096K)
 Metaspace       used 20637K, capacity 21204K, committed 21296K, reserved 1069056K
  class space    used 2328K, capacity 2566K, committed 2608K, reserved 1048576K
}
Event: 2.881 GC heap after
{Heap after GC invocations=6 (full 0):
 garbage-first heap   total 223232K, used 23260K [0x00000000d1200000, 0x0000000100000000)
  region size 1024K, 6 young (6144K), 6 survivors (6144K)
 Metaspace       used 20637K, capacity 21204K, committed 21296K, reserved 1069056K
  class space    used 2328K, capacity 2566K, committed 2608K, reserved 1048576K
}

