# JRE version: OpenJDK Runtime Environment (11.0.20.1+1) (build 11.0.20.1+1-post-Ubuntu-0ubuntu122.04)
# Java VM: OpenJDK 64-Bit Server VM (11.0.20.1+1-post-Ubuntu-0ubuntu122.04, mixed mode, sharing, tiered, compressed oops, g1 gc, linux-amd64)
Heap:
 garbage-first heap   total 223232K, used 109602K [0x00000000d1200000, 0x0000000100000000)
  region size 1024K, 92 young (94208K), 7 survivors (7168K)
 Metaspace       used 27288K, capacity 28199K, committed 28412K, reserved 1075200K
  class space    used 3149K, capacity 3536K, committed 3580K, reserved 1048576K
GC Heap History (14 events):
Event: 0.275 GC heap before
{Heap before GC invocations=0 (full 0):
 garbage-first heap   total 223232K, used 10960K [0x00000000d1200000, 0x0000000100000000)
  region size 1024K, 11 young (11264K), 0 survivors (0K)
 Metaspace       used 1821K, capacity 5055K, committed 5120K, reserved 1056768K
  class space    used 173K, capacity 490K, committed 512K, reserved 1048576K
}
Event: 0.281 GC heap after
{Heap after GC invocations=1 (full 0):
 garbage-first heap   total 223232K, used 4779K [0x00000000d1200000, 0x0000000100000000)
  region size 1024K, 2 young (2048K), 2 survivors (2048K)
 Metaspace       used 1821K, capacity 5055K, committed 5120K, reserved 1056768K
  class space    used 173K, capacity 490K, committed 512K, reserved 1048576K
}
Event: 0.456 GC heap before
{Heap before GC invocations=1 (full 0):
 garbage-first heap   total 223232K, used 30379K [0x00000000d1200000, 0x0000000100000000)
  region size 1024K, 20 young (20480K), 2 survivors (2048K)
 Metaspace       used 3029K, capacity 6047K, committed 6272K, reserved 1056768K
  class space    used 277K, capacity 586K, committed 640K, reserved 1048576K
}
Event: 0.463 GC heap after
{Heap after GC invocations=2 (full 0):
 garbage-first heap   total 223232K, used 17027K [0x00000000d1200000, 0x0000000100000000)
  region size 1024K, 3 young (3072K), 3 survivors (3072K)
 Metaspace       used 3029K, capacity 6047K, committed 6272K, reserved 1056768K
  class space    used 277K, capacity 586K, committed 640K, reserved 1048576K
}
Event: 0.849 GC heap before
{Heap before GC invocations=2 (full 0):
 garbage-first heap   total 223232K, used 35459K [0x00000000d1200000, 0x0000000100000000)
  region size 1024K, 21 young (21504K), 3 survivors (3072K)
 Metaspace       used 7335K, capacity 8066K, committed 8448K, reserved 1056768K
  class space    used 803K, capacity 921K, committed 1024K, reserved 1048576K
}
Event: 0.853 GC heap after
{Heap after GC invocations=3 (full 0):
 garbage-first heap   total 223232K, used 19241K [0x00000000d1200000, 0x0000000100000000)
  region size 1024K, 2 young (2048K), 2 survivors (2048K)
 Metaspace       used 7335K, capacity 8066K, committed 8448K, reserved 1056768K
  class space    used 803K, capacity 921K, committed 1024K, reserved 1048576K
}
Event: 1.198 GC heap before
{Heap before GC invocations=3 (full 0):
 garbage-first heap   total 223232K, used 43817K [0x00000000d1200000, 0x0000000100000000)
  region size 1024K, 27 young (27648K), 2 survivors (2048K)
 Metaspace       used 9430K, capacity 9684K, committed 10112K, reserved 1058816K
  class space    used 989K, capacity 1071K, committed 1152K, reserved 1048576K
}
Event: 1.202 GC heap after
{Heap after GC invocations=4 (full 0):
 garbage-first heap   total 223232K, used 19787K [0x00000000d1200000, 0x0000000100000000)
  region size 1024K, 3 young (3072K), 3 survivors (3072K)
 Metaspace       used 9430K, capacity 9684K, committed 10112K, reserved 1058816K
  class space    used 989K, capacity 1071K, committed 1152K, reserved 1048576K
}
Event: 1.340 GC heap before
{Heap before GC invocations=4 (full 0):
 garbage-first heap   total 223232K, used 58699K [0x00000000d1200000, 0x0000000100000000)
  region size 1024K, 41 young (41984K), 3 survivors (3072K)
 Metaspace       used 9804K, capacity 10100K, committed 10496K, reserved 1058816K
  class space    used 1060K, capacity 1167K, committed 1280K, reserved 1048576K
}
Event: 1.345 GC heap after
{Heap after GC invocations=5 (full 0):
 garbage-first heap   total 223232K, used 19773K [0x00000000d1200000, 0x0000000100000000)
  region size 1024K, 3 young (3072K), 3 survivors (3072K)
 Metaspace       used 9804K, capacity 10100K, committed 10496K, reserved 1058816K
  class space    used 1060K, capacity 1167K, committed 1280K, reserved 1048576K
}
Event: 1.822 GC heap before
{Heap before GC invocations=5 (full 0):
 garbage-first heap   total 223232K, used 89405K [0x00000000d1200000, 0x0000000100000000)
  region size 1024K, 71 young (72704K), 3 survivors (3072K)
 Metaspace       used 17193K, capacity 17539K, committed 17792K, reserved 1064960K
  class space    used 1933K, capacity 2096K, committed 2176K, reserved 1048576K
}
Event: 1.826 GC heap after
{Heap after GC invocations=6 (full 0):
 garbage-first heap   total 223232K, used 21151K [0x00000000d1200000, 0x0000000100000000)
  region size 1024K, 4 young (4096K), 4 survivors (4096K)
 Metaspace       used 17193K, capacity 17539K, committed 17792K, reserved 1064960K
  class space    used 1933K, capacity 2096K, committed 2176K, reserved 1048576K
}
Event: 2.169 GC heap before
{Heap before GC invocations=6 (full 0):
 garbage-first heap   total 223232K, used 82591K [0x00000000d1200000, 0x0000000100000000)
  region size 1024K, 65 young (66560K), 4 survivors (4096K)
 Metaspace       used 20600K, capacity 21140K, committed 21296K, reserved 1069056K
  class space    used 2327K, capacity 2566K, committed 2608K, reserved 1048576K
}
Event: 2.179 GC heap after
{Heap after GC invocations=7 (full 0):
 garbage-first heap   total 223232K, used 23586K [0x00000000d1200000, 0x0000000100000000)
  region size 1024K, 7 young (7168K), 7 survivors (7168K)
 Metaspace       used 20600K, capacity 21140K, committed 21296K, reserved 1069056K
  class space    used 2327K, capacity 2566K, committed 2608K, reserved 1048576K
}

