# JRE version: OpenJDK Runtime Environment (11.0.20.1+1) (build 11.0.20.1+1-post-Ubuntu-0ubuntu122.04)
# Java VM: OpenJDK 64-Bit Server VM (11.0.20.1+1-post-Ubuntu-0ubuntu122.04, mixed mode, sharing, tiered, compressed oops, g1 gc, linux-amd64)
Heap:
 garbage-first heap   total 223232K, used 109370K [0x00000000d1200000, 0x0000000100000000)
  region size 1024K, 91 young (93184K), 6 survivors (6144K)
 Metaspace       used 27383K, capacity 28294K, committed 28412K, reserved 1075200K
  class space    used 3161K, capacity 3546K, committed 3580K, reserved 1048576K
GC Heap History (14 events):
Event: 0.381 GC heap before
{Heap before GC invocations=0 (full 0):
 garbage-first heap   total 223232K, used 10960K [0x00000000d1200000, 0x0000000100000000)
  region size 1024K, 11 young (11264K), 0 survivors (0K)
 Metaspace       used 1823K, capacity 5055K, committed 5120K, reserved 1056768K
  class space    used 173K, capacity 490K, committed 512K, reserved 1048576K
}
Event: 0.387 GC heap after
{Heap after GC invocations=1 (full 0):
 garbage-first heap   total 223232K, used 4620K [0x00000000d1200000, 0x0000000100000000)
  region size 1024K, 2 young (2048K), 2 survivors (2048K)
 Metaspace       used 1823K, capacity 5055K, committed 5120K, reserved 1056768K
  class space    used 173K, capacity 490K, committed 512K, reserved 1048576K
}
Event: 0.628 GC heap before
{Heap before GC invocations=1 (full 0):
 garbage-first heap   total 223232K, used 33292K [0x00000000d1200000, 0x0000000100000000)
  region size 1024K, 23 young (23552K), 2 survivors (2048K)
 Metaspace       used 3710K, capacity 6207K, committed 6272K, reserved 1056768K
  class space    used 345K, capacity 618K, committed 640K, reserved 1048576K
}
Event: 0.633 GC heap after
{Heap after GC invocations=2 (full 0):
 garbage-first heap   total 223232K, used 17516K [0x00000000d1200000, 0x0000000100000000)
  region size 1024K, 3 young (3072K), 3 survivors (3072K)
 Metaspace       used 3710K, capacity 6207K, committed 6272K, reserved 1056768K
  class space    used 345K, capacity 618K, committed 640K, reserved 1048576K
}
Event: 0.994 GC heap before
{Heap before GC invocations=2 (full 0):
 garbage-first heap   total 223232K, used 35948K [0x00000000d1200000, 0x0000000100000000)
  region size 1024K, 21 young (21504K), 3 survivors (3072K)
 Metaspace       used 7870K, capacity 8482K, committed 8704K, reserved 1056768K
  class space    used 863K, capacity 975K, committed 1024K, reserved 1048576K
}
Event: 0.998 GC heap after
{Heap after GC invocations=3 (full 0):
 garbage-first heap   total 223232K, used 19259K [0x00000000d1200000, 0x0000000100000000)
  region size 1024K, 2 young (2048K), 2 survivors (2048K)
 Metaspace       used 7870K, capacity 8482K, committed 8704K, reserved 1056768K
  class space    used 863K, capacity 975K, committed 1024K, reserved 1048576K
}
Event: 1.204 GC heap before
{Heap before GC invocations=3 (full 0):
 garbage-first heap   total 223232K, used 43835K [0x00000000d1200000, 0x0000000100000000)
  region size 1024K, 27 young (27648K), 2 survivors (2048K)
 Metaspace       used 9419K, capacity 9684K, committed 9856K, reserved 1058816K
  class space    used 989K, capacity 1071K, committed 1152K, reserved 1048576K
}
Event: 1.207 GC heap after
{Heap after GC invocations=4 (full 0):
 garbage-first heap   total 223232K, used 19596K [0x00000000d1200000, 0x0000000100000000)
  region size 1024K, 2 young (2048K), 2 survivors (2048K)
 Metaspace       used 9419K, capacity 9684K, committed 9856K, reserved 1058816K
  class space    used 989K, capacity 1071K, committed 1152K, reserved 1048576K
}
Event: 1.308 GC heap before
{Heap before GC invocations=4 (full 0):
 garbage-first heap   total 223232K, used 62604K [0x00000000d1200000, 0x0000000100000000)
  region size 1024K, 44 young (45056K), 2 survivors (2048K)
 Metaspace       used 9836K, capacity 10100K, committed 10496K, reserved 1058816K
  class space    used 1072K, capacity 1167K, committed 1280K, reserved 1048576K
}
Event: 1.311 GC heap after
{Heap after GC invocations=5 (full 0):
 garbage-first heap   total 223232K, used 19800K [0x00000000d1200000, 0x0000000100000000)
  region size 1024K, 2 young (2048K), 2 survivors (2048K)
 Metaspace       used 9836K, capacity 10100K, committed 10496K, reserved 1058816K
  class space    used 1072K, capacity 1167K, committed 1280K, reserved 1048576K
}
Event: 1.772 GC heap before
{Heap before GC invocations=5 (full 0):
 garbage-first heap   total 223232K, used 82264K [0x00000000d1200000, 0x0000000100000000)
  region size 1024K, 63 young (64512K), 2 survivors (2048K)
 Metaspace       used 16894K, capacity 17239K, committed 17536K, reserved 1064960K
  class space    used 1897K, capacity 2060K, committed 2176K, reserved 1048576K
}
Event: 1.777 GC heap after
{Heap after GC invocations=6 (full 0):
 garbage-first heap   total 223232K, used 20873K [0x00000000d1200000, 0x0000000100000000)
  region size 1024K, 3 young (3072K), 3 survivors (3072K)
 Metaspace       used 16894K, capacity 17239K, committed 17536K, reserved 1064960K
  class space    used 1897K, capacity 2060K, committed 2176K, reserved 1048576K
}
Event: 2.301 GC heap before
{Heap before GC invocations=6 (full 0):
 garbage-first heap   total 223232K, used 86409K [0x00000000d1200000, 0x0000000100000000)
  region size 1024K, 68 young (69632K), 3 survivors (3072K)
 Metaspace       used 20631K, capacity 21203K, committed 21296K, reserved 1069056K
  class space    used 2332K, capacity 2566K, committed 2608K, reserved 1048576K
}
Event: 2.310 GC heap after
{Heap after GC invocations=7 (full 0):
 garbage-first heap   total 223232K, used 23354K [0x00000000d1200000, 0x0000000100000000)
  region size 1024K, 6 young (6144K), 6 survivors (6144K)
 Metaspace       used 20631K, capacity 21203K, committed 21296K, reserved 1069056K
  class space    used 2332K, capacity 2566K, committed 2608K, reserved 1048576K
}

