# JRE version: OpenJDK Runtime Environment (11.0.20.1+1) (build 11.0.20.1+1-post-Ubuntu-0ubuntu122.04)
# Java VM: OpenJDK 64-Bit Server VM (11.0.20.1+1-post-Ubuntu-0ubuntu122.04, mixed mode, sharing, tiered, compressed oops, g1 gc, linux-amd64)
Heap:
 garbage-first heap   total 223232K, used 107556K [0x00000000d1200000, 0x0000000100000000)
  region size 1024K, 90 young (92160K), 7 survivors (7168K)
 Metaspace       used 27288K, capacity 28201K, committed 28412K, reserved 1075200K
  class space    used 3149K, capacity 3536K, committed 3580K, reserved 1048576K
GC Heap History (14 events):
Event: 0.261 GC heap before
{Heap before GC invocations=0 (full 0):
 garbage-first heap   total 223232K, used 10960K [0x00000000d1200000, 0x0000000100000000)
  region size 1024K, 11 young (11264K), 0 survivors (0K)
 Metaspace       used 1821K, capacity 5055K, committed 5120K, reserved 1056768K
  class space    used 173K, capacity 490K, committed 512K, reserved 1048576K
}
Event: 0.267 GC heap after
{Heap after GC invocations=1 (full 0):
 garbage-first heap   total 223232K, used 4820K [0x00000000d1200000, 0x0000000100000000)
  region size 1024K, 2 young (2048K), 2 survivors (2048K)
 Metaspace       used 1821K, capacity 5055K, committed 5120K, reserved 1056768K
  class space    used 173K, capacity 490K, committed 512K, reserved 1048576K
}
Event: 0.431 GC heap before
{Heap before GC invocations=1 (full 0):
 garbage-first heap   total 223232K, used 30420K [0x00000000d1200000, 0x0000000100000000)
  region size 1024K, 20 young (20480K), 2 survivors (2048K)
 Metaspace       used 3030K, capacity 6047K, committed 6272K, reserved 1056768K
  class space    used 277K, capacity 586K, committed 640K, reserved 1048576K
}
Event: 0.437 GC heap after
{Heap after GC invocations=2 (full 0):
 garbage-first heap   total 223232K, used 17169K [0x00000000d1200000, 0x0000000100000000)
  region size 1024K, 3 young (3072K), 3 survivors (3072K)
 Metaspace       used 3030K, capacity 6047K, committed 6272K, reserved 1056768K
  class space    used 277K, capacity 586K, committed 640K, reserved 1048576K
}
Event: 0.762 GC heap before
{Heap before GC invocations=2 (full 0):
 garbage-first heap   total 223232K, used 35601K [0x00000000d1200000, 0x0000000100000000)
  region size 1024K, 21 young (21504K), 3 survivors (3072K)
 Metaspace       used 7341K, capacity 8066K, committed 8192K, reserved 1056768K
  class space    used 803K, capacity 921K, committed 1024K, reserved 1048576K
}
Event: 0.765 GC heap after
{Heap after GC invocations=3 (full 0):
 garbage-first heap   total 223232K, used 19317K [0x00000000d1200000, 0x0000000100000000)
  region size 1024K, 2 young (2048K), 2 survivors (2048K)
 Metaspace       used 7341K, capacity 8066K, committed 8192K, reserved 1056768K
  class space    used 803K, capacity 921K, committed 1024K, reserved 1048576K
}
Event: 1.073 GC heap before
{Heap before GC invocations=3 (full 0):
 garbage-first heap   total 223232K, used 43893K [0x00000000d1200000, 0x0000000100000000)
  region size 1024K, 27 young (27648K), 2 survivors (2048K)
 Metaspace       used 9424K, capacity 9684K, committed 9856K, reserved 1058816K
  class space    used 989K, capacity 1071K, committed 1152K, reserved 1048576K
}
Event: 1.077 GC heap after
{Heap after GC invocations=4 (full 0):
 garbage-first heap   total 223232K, used 19800K [0x00000000d1200000, 0x0000000100000000)
  region size 1024K, 3 young (3072K), 3 survivors (3072K)
 Metaspace       used 9424K, capacity 9684K, committed 9856K, reserved 1058816K
  class space    used 989K, capacity 1071K, committed 1152K, reserved 1048576K
}
Event: 1.188 GC heap before
{Heap before GC invocations=4 (full 0):
 garbage-first heap   total 223232K, used 58712K [0x00000000d1200000, 0x0000000100000000)
  region size 1024K, 41 young (41984K), 3 survivors (3072K)
 Metaspace       used 9787K, capacity 10036K, committed 10240K, reserved 1058816K
  class space    used 1058K, capacity 1167K, committed 1280K, reserved 1048576K
}
Event: 1.192 GC heap after
{Heap after GC invocations=5 (full 0):
 garbage-first heap   total 223232K, used 20060K [0x00000000d1200000, 0x0000000100000000)
  region size 1024K, 3 young (3072K), 3 survivors (3072K)
 Metaspace       used 9787K, capacity 10036K, committed 10240K, reserved 1058816K
  class space    used 1058K, capacity 1167K, committed 1280K, reserved 1048576K
}
Event: 1.774 GC heap before
{Heap before GC invocations=5 (full 0):
 garbage-first heap   total 223232K, used 100956K [0x00000000d1200000, 0x0000000100000000)
  region size 1024K, 82 young (83968K), 3 survivors (3072K)
 Metaspace       used 17753K, capacity 18096K, committed 18304K, reserved 1064960K
  class space    used 1992K, capacity 2154K, committed 2176K, reserved 1048576K
}
Event: 1.778 GC heap after
{Heap after GC invocations=6 (full 0):
 garbage-first heap   total 223232K, used 21406K [0x00000000d1200000, 0x0000000100000000)
  region size 1024K, 4 young (4096K), 4 survivors (4096K)
 Metaspace       used 17753K, capacity 18096K, committed 18304K, reserved 1064960K
  class space    used 1992K, capacity 2154K, committed 2176K, reserved 1048576K
}
Event: 2.060 GC heap before
{Heap before GC invocations=6 (full 0):
 garbage-first heap   total 223232K, used 71582K [0x00000000d1200000, 0x0000000100000000)
  region size 1024K, 54 young (55296K), 4 survivors (4096K)
 Metaspace       used 20639K, capacity 21206K, committed 21296K, reserved 1069056K
  class space    used 2329K, capacity 2566K, committed 2608K, reserved 1048576K
}
Event: 2.069 GC heap after
{Heap after GC invocations=7 (full 0):
 garbage-first heap   total 223232K, used 23588K [0x00000000d1200000, 0x0000000100000000)
  region size 1024K, 7 young (7168K), 7 survivors (7168K)
 Metaspace       used 20639K, capacity 21206K, committed 21296K, reserved 1069056K
  class space    used 2329K, capacity 2566K, committed 2608K, reserved 1048576K
}

