# JRE version: OpenJDK Runtime Environment (11.0.20.1+1) (build 11.0.20.1+1-post-Ubuntu-0ubuntu122.04)
# Java VM: OpenJDK 64-Bit Server VM (11.0.20.1+1-post-Ubuntu-0ubuntu122.04, mixed mode, sharing, tiered, compressed oops, g1 gc, linux-amd64)
Heap:
 garbage-first heap   total 223232K, used 114790K [0x00000000d1200000, 0x0000000100000000)
  region size 1024K, 96 young (98304K), 6 survivors (6144K)
 Metaspace       used 27409K, capacity 28291K, committed 28412K, reserved 1075200K
  class space    used 3159K, capacity 3545K, committed 3580K, reserved 1048576K
GC Heap History (14 events):
Event: 0.337 GC heap before
{Heap before GC invocations=0 (full 0):
 garbage-first heap   total 223232K, used 10960K [0x00000000d1200000, 0x0000000100000000)
  region size 1024K, 11 young (11264K), 0 survivors (0K)
 Metaspace       used 1827K, capacity 5055K, committed 5120K, reserved 1056768K
  class space    used 173K, capacity 490K, committed 512K, reserved 1048576K
}
Event: 0.343 GC heap after
{Heap after GC invocations=1 (full 0):
 garbage-first heap   total 223232K, used 4794K [0x00000000d1200000, 0x0000000100000000)
  region size 1024K, 2 young (2048K), 2 survivors (2048K)
 Metaspace       used 1827K, capacity 5055K, committed 5120K, reserved 1056768K
  class space    used 173K, capacity 490K, committed 512K, reserved 1048576K
}
Event: 0.630 GC heap before
{Heap before GC invocations=1 (full 0):
 garbage-first heap   total 223232K, used 36538K [0x00000000d1200000, 0x0000000100000000)
  region size 1024K, 26 young (26624K), 2 survivors (2048K)
 Metaspace       used 4712K, capacity 6555K, committed 6656K, reserved 1056768K
  class space    used 467K, capacity 695K, committed 768K, reserved 1048576K
}
Event: 0.636 GC heap after
{Heap after GC invocations=2 (full 0):
 garbage-first heap   total 223232K, used 18359K [0x00000000d1200000, 0x0000000100000000)
  region size 1024K, 4 young (4096K), 4 survivors (4096K)
 Metaspace       used 4712K, capacity 6555K, committed 6656K, reserved 1056768K
  class space    used 467K, capacity 695K, committed 768K, reserved 1048576K
}
Event: 1.000 GC heap before
{Heap before GC invocations=2 (full 0):
 garbage-first heap   total 223232K, used 36791K [0x00000000d1200000, 0x0000000100000000)
  region size 1024K, 22 young (22528K), 4 survivors (4096K)
 Metaspace       used 8499K, capacity 8880K, committed 8960K, reserved 1056768K
  class space    used 935K, capacity 1022K, committed 1024K, reserved 1048576K
}
Event: 1.006 GC heap after
{Heap after GC invocations=3 (full 0):
 garbage-first heap   total 223232K, used 19666K [0x00000000d1200000, 0x0000000100000000)
  region size 1024K, 2 young (2048K), 2 survivors (2048K)
 Metaspace       used 8499K, capacity 8880K, committed 8960K, reserved 1056768K
  class space    used 935K, capacity 1022K, committed 1024K, reserved 1048576K
}
Event: 1.194 GC heap before
{Heap before GC invocations=3 (full 0):
 garbage-first heap   total 223232K, used 46290K [0x00000000d1200000, 0x0000000100000000)
  region size 1024K, 28 young (28672K), 2 survivors (2048K)
 Metaspace       used 9465K, capacity 9684K, committed 9856K, reserved 1058816K
  class space    used 989K, capacity 1071K, committed 1152K, reserved 1048576K
}
Event: 1.196 GC heap after
{Heap after GC invocations=4 (full 0):
 garbage-first heap   total 223232K, used 19834K [0x00000000d1200000, 0x0000000100000000)
  region size 1024K, 2 young (2048K), 2 survivors (2048K)
 Metaspace       used 9465K, capacity 9684K, committed 9856K, reserved 1058816K
  class space    used 989K, capacity 1071K, committed 1152K, reserved 1048576K
}
Event: 1.326 GC heap before
{Heap before GC invocations=4 (full 0):
 garbage-first heap   total 223232K, used 62842K [0x00000000d1200000, 0x0000000100000000)
  region size 1024K, 44 young (45056K), 2 survivors (2048K)
 Metaspace       used 9886K, capacity 10164K, committed 10496K, reserved 1058816K
  class space    used 1073K, capacity 1167K, committed 1280K, reserved 1048576K
}
Event: 1.329 GC heap after
{Heap after GC invocations=5 (full 0):
 garbage-first heap   total 223232K, used 19962K [0x00000000d1200000, 0x0000000100000000)
  region size 1024K, 2 young (2048K), 2 survivors (2048K)
 Metaspace       used 9886K, capacity 10164K, committed 10496K, reserved 1058816K
  class space    used 1073K, capacity 1167K, committed 1280K, reserved 1048576K
}
Event: 1.736 GC heap before
{Heap before GC invocations=5 (full 0):
 garbage-first heap   total 223232K, used 81402K [0x00000000d1200000, 0x0000000100000000)
  region size 1024K, 62 young (63488K), 2 survivors (2048K)
 Metaspace       used 16937K, capacity 17315K, committed 17536K, reserved 1064960K
  class space    used 1898K, capacity 2064K, committed 2176K, reserved 1048576K
}
Event: 1.741 GC heap after
{Heap after GC invocations=6 (full 0):
 garbage-first heap   total 223232K, used 21154K [0x00000000d1200000, 0x0000000100000000)
  region size 1024K, 3 young (3072K), 3 survivors (3072K)
 Metaspace       used 16937K, capacity 17315K, committed 17536K, reserved 1064960K
  class space    used 1898K, capacity 2064K, committed 2176K, reserved 1048576K
}
Event: 2.108 GC heap before
{Heap before GC invocations=6 (full 0):
 garbage-first heap   total 223232K, used 85666K [0x00000000d1200000, 0x0000000100000000)
  region size 1024K, 67 young (68608K), 3 survivors (3072K)
 Metaspace       used 20629K, capacity 21206K, committed 21296K, reserved 1069056K
  class space    used 2329K, capacity 2566K, committed 2608K, reserved 1048576K
}
Event: 2.119 GC heap after
{Heap after GC invocations=7 (full 0):
 garbage-first heap   total 223232K, used 23654K [0x00000000d1200000, 0x0000000100000000)
  region size 1024K, 6 young (6144K), 6 survivors (6144K)
 Metaspace       used 20629K, capacity 21206K, committed 21296K, reserved 1069056K
  class space    used 2329K, capacity 2566K, committed 2608K, reserved 1048576K
}

