# JRE version: OpenJDK Runtime Environment (11.0.20.1+1) (build 11.0.20.1+1-post-Ubuntu-0ubuntu122.04)
# Java VM: OpenJDK 64-Bit Server VM (11.0.20.1+1-post-Ubuntu-0ubuntu122.04, mixed mode, sharing, tiered, compressed oops, g1 gc, linux-amd64)
Heap:
 garbage-first heap   total 223232K, used 109091K [0x00000000d1200000, 0x0000000100000000)
  region size 1024K, 90 young (92160K), 5 survivors (5120K)
 Metaspace       used 27408K, capacity 28296K, committed 28412K, reserved 1075200K
  class space    used 3161K, capacity 3546K, committed 3580K, reserved 1048576K
GC Heap History (14 events):
Event: 0.284 GC heap before
{Heap before GC invocations=0 (full 0):
 garbage-first heap   total 223232K, used 10960K [0x00000000d1200000, 0x0000000100000000)
  region size 1024K, 11 young (11264K), 0 survivors (0K)
 Metaspace       used 1821K, capacity 5055K, committed 5120K, reserved 1056768K
  class space    used 173K, capacity 490K, committed 512K, reserved 1048576K
}
Event: 0.290 GC heap after
{Heap after GC invocations=1 (full 0):
 garbage-first heap   total 223232K, used 4621K [0x00000000d1200000, 0x0000000100000000)
  region size 1024K, 2 young (2048K), 2 survivors (2048K)
 Metaspace       used 1821K, capacity 5055K, committed 5120K, reserved 1056768K
  class space    used 173K, capacity 490K, committed 512K, reserved 1048576K
}
Event: 0.407 GC heap before
{Heap before GC invocations=1 (full 0):
 garbage-first heap   total 223232K, used 27149K [0x00000000d1200000, 0x0000000100000000)
  region size 1024K, 17 young (17408K), 2 survivors (2048K)
 Metaspace       used 2791K, capacity 5823K, committed 6016K, reserved 1056768K
  class space    used 236K, capacity 554K, committed 640K, reserved 1048576K
}
Event: 0.411 GC heap after
{Heap after GC invocations=2 (full 0):
 garbage-first heap   total 223232K, used 15889K [0x00000000d1200000, 0x0000000100000000)
  region size 1024K, 3 young (3072K), 3 survivors (3072K)
 Metaspace       used 2791K, capacity 5823K, committed 6016K, reserved 1056768K
  class space    used 236K, capacity 554K, committed 640K, reserved 1048576K
}
Event: 0.734 GC heap before
{Heap before GC invocations=2 (full 0):
 garbage-first heap   total 223232K, used 32273K [0x00000000d1200000, 0x0000000100000000)
  region size 1024K, 20 young (20480K), 3 survivors (3072K)
 Metaspace       used 6758K, capacity 7548K, committed 7808K, reserved 1056768K
  class space    used 740K, capacity 877K, committed 896K, reserved 1048576K
}
Event: 0.738 GC heap after
{Heap after GC invocations=3 (full 0):
 garbage-first heap   total 223232K, used 18967K [0x00000000d1200000, 0x0000000100000000)
  region size 1024K, 3 young (3072K), 3 survivors (3072K)
 Metaspace       used 6758K, capacity 7548K, committed 7808K, reserved 1056768K
  class space    used 740K, capacity 877K, committed 896K, reserved 1048576K
}
Event: 1.053 GC heap before
{Heap before GC invocations=3 (full 0):
 garbage-first heap   total 223232K, used 42519K [0x00000000d1200000, 0x0000000100000000)
  region size 1024K, 27 young (27648K), 3 survivors (3072K)
 Metaspace       used 9422K, capacity 9684K, committed 9856K, reserved 1058816K
  class space    used 989K, capacity 1071K, committed 1152K, reserved 1048576K
}
Event: 1.056 GC heap after
{Heap after GC invocations=4 (full 0):
 garbage-first heap   total 223232K, used 19360K [0x00000000d1200000, 0x0000000100000000)
  region size 1024K, 1 young (1024K), 1 survivors (1024K)
 Metaspace       used 9422K, capacity 9684K, committed 9856K, reserved 1058816K
  class space    used 989K, capacity 1071K, committed 1152K, reserved 1048576K
}
Event: 1.151 GC heap before
{Heap before GC invocations=4 (full 0):
 garbage-first heap   total 223232K, used 58272K [0x00000000d1200000, 0x0000000100000000)
  region size 1024K, 39 young (39936K), 1 survivors (1024K)
 Metaspace       used 9554K, capacity 9844K, committed 10112K, reserved 1058816K
  class space    used 1011K, capacity 1103K, committed 1152K, reserved 1048576K
}
Event: 1.153 GC heap after
{Heap after GC invocations=5 (full 0):
 garbage-first heap   total 223232K, used 19357K [0x00000000d1200000, 0x0000000100000000)
  region size 1024K, 1 young (1024K), 1 survivors (1024K)
 Metaspace       used 9554K, capacity 9844K, committed 10112K, reserved 1058816K
  class space    used 1011K, capacity 1103K, committed 1152K, reserved 1048576K
}
Event: 1.528 GC heap before
{Heap before GC invocations=5 (full 0):
 garbage-first heap   total 223232K, used 78749K [0x00000000d1200000, 0x0000000100000000)
  region size 1024K, 59 young (60416K), 1 survivors (1024K)
 Metaspace       used 15301K, capacity 15709K, committed 16000K, reserved 1062912K
  class space    used 1709K, capacity 1871K, committed 1920K, reserved 1048576K
}
Event: 1.531 GC heap after
{Heap after GC invocations=6 (full 0):
 garbage-first heap   total 223232K, used 20153K [0x00000000d1200000, 0x0000000100000000)
  region size 1024K, 2 young (2048K), 2 survivors (2048K)
 Metaspace       used 15301K, capacity 15709K, committed 16000K, reserved 1062912K
  class space    used 1709K, capacity 1871K, committed 1920K, reserved 1048576K
}
Event: 1.994 GC heap before
{Heap before GC invocations=6 (full 0):
 garbage-first heap   total 223232K, used 96953K [0x00000000d1200000, 0x0000000100000000)
  region size 1024K, 78 young (79872K), 2 survivors (2048K)
 Metaspace       used 20639K, capacity 21206K, committed 21296K, reserved 1069056K
  class space    used 2331K, capacity 2566K, committed 2608K, reserved 1048576K
}
Event: 2.001 GC heap after
{Heap after GC invocations=7 (full 0):
 garbage-first heap   total 223232K, used 23075K [0x00000000d1200000, 0x0000000100000000)
  region size 1024K, 5 young (5120K), 5 survivors (5120K)
 Metaspace       used 20639K, capacity 21206K, committed 21296K, reserved 1069056K
  class space    used 2331K, capacity 2566K, committed 2608K, reserved 1048576K
}

