# JRE version: OpenJDK Runtime Environment (11.0.20.1+1) (build 11.0.20.1+1-post-Ubuntu-0ubuntu122.04)
# Java VM: OpenJDK 64-Bit Server VM (11.0.20.1+1-post-Ubuntu-0ubuntu122.04, mixed mode, sharing, tiered, compressed oops, g1 gc, linux-amd64)
Heap:
 garbage-first heap   total 223232K, used 107502K [0x00000000d1200000, 0x0000000100000000)
  region size 1024K, 89 young (91136K), 6 survivors (6144K)
 Metaspace       used 27307K, capacity 28199K, committed 28412K, reserved 1075200K
  class space    used 3149K, capacity 3536K, committed 3580K, reserved 1048576K
GC Heap History (14 events):
Event: 0.246 GC heap before
{Heap before GC invocations=0 (full 0):
 garbage-first heap   total 223232K, used 10960K [0x00000000d1200000, 0x0000000100000000)
  region size 1024K, 11 young (11264K), 0 survivors (0K)
 Metaspace       used 1822K, capacity 5055K, committed 5120K, reserved 1056768K
  class space    used 173K, capacity 490K, committed 512K, reserved 1048576K
}
Event: 0.252 GC heap after
{Heap after GC invocations=1 (full 0):
 garbage-first heap   total 223232K, used 4684K [0x00000000d1200000, 0x0000000100000000)
  region size 1024K, 2 young (2048K), 2 survivors (2048K)
 Metaspace       used 1822K, capacity 5055K, committed 5120K, reserved 1056768K
  class space    used 173K, capacity 490K, committed 512K, reserved 1048576K
}
Event: 0.523 GC heap before
{Heap before GC invocations=1 (full 0):
 garbage-first heap   total 223232K, used 35404K [0x00000000d1200000, 0x0000000100000000)
  region size 1024K, 25 young (25600K), 2 survivors (2048K)
 Metaspace       used 4344K, capacity 6479K, committed 6656K, reserved 1056768K
  class space    used 429K, capacity 691K, committed 768K, reserved 1048576K
}
Event: 0.529 GC heap after
{Heap after GC invocations=2 (full 0):
 garbage-first heap   total 223232K, used 17950K [0x00000000d1200000, 0x0000000100000000)
  region size 1024K, 4 young (4096K), 4 survivors (4096K)
 Metaspace       used 4344K, capacity 6479K, committed 6656K, reserved 1056768K
  class space    used 429K, capacity 691K, committed 768K, reserved 1048576K
}
Event: 1.125 GC heap before
{Heap before GC invocations=2 (full 0):
 garbage-first heap   total 223232K, used 36382K [0x00000000d1200000, 0x0000000100000000)
  region size 1024K, 22 young (22528K), 4 survivors (4096K)
 Metaspace       used 8440K, capacity 8816K, committed 8960K, reserved 1056768K
  class space    used 934K, capacity 1022K, committed 1024K, reserved 1048576K
}
Event: 1.134 GC heap after
{Heap after GC invocations=3 (full 0):
 garbage-first heap   total 223232K, used 19570K [0x00000000d1200000, 0x0000000100000000)
  region size 1024K, 2 young (2048K), 2 survivors (2048K)
 Metaspace       used 8440K, capacity 8816K, committed 8960K, reserved 1056768K
  class space    used 934K, capacity 1022K, committed 1024K, reserved 1048576K
}
Event: 1.353 GC heap before
{Heap before GC invocations=3 (full 0):
 garbage-first heap   total 223232K, used 46194K [0x00000000d1200000, 0x0000000100000000)
  region size 1024K, 28 young (28672K), 2 survivors (2048K)
 Metaspace       used 9434K, capacity 9684K, committed 9856K, reserved 1058816K
  class space    used 989K, capacity 1071K, committed 1152K, reserved 1048576K
}
Event: 1.357 GC heap after
{Heap after GC invocations=4 (full 0):
 garbage-first heap   total 223232K, used 19794K [0x00000000d1200000, 0x0000000100000000)
  region size 1024K, 2 young (2048K), 2 survivors (2048K)
 Metaspace       used 9434K, capacity 9684K, committed 9856K, reserved 1058816K
  class space    used 989K, capacity 1071K, committed 1152K, reserved 1048576K
}
Event: 1.495 GC heap before
{Heap before GC invocations=4 (full 0):
 garbage-first heap   total 223232K, used 60754K [0x00000000d1200000, 0x0000000100000000)
  region size 1024K, 42 young (43008K), 2 survivors (2048K)
 Metaspace       used 9852K, capacity 10100K, committed 10496K, reserved 1058816K
  class space    used 1073K, capacity 1167K, committed 1280K, reserved 1048576K
}
Event: 1.499 GC heap after
{Heap after GC invocations=5 (full 0):
 garbage-first heap   total 223232K, used 19926K [0x00000000d1200000, 0x0000000100000000)
  region size 1024K, 2 young (2048K), 2 survivors (2048K)
 Metaspace       used 9852K, capacity 10100K, committed 10496K, reserved 1058816K
  class space    used 1073K, capacity 1167K, committed 1280K, reserved 1048576K
}
Event: 2.067 GC heap before
{Heap before GC invocations=5 (full 0):
 garbage-first heap   total 223232K, used 79318K [0x00000000d1200000, 0x0000000100000000)
  region size 1024K, 60 young (61440K), 2 survivors (2048K)
 Metaspace       used 16950K, capacity 17315K, committed 17536K, reserved 1064960K
  class space    used 1901K, capacity 2064K, committed 2176K, reserved 1048576K
}
Event: 2.070 GC heap after
{Heap after GC invocations=6 (full 0):
 garbage-first heap   total 223232K, used 21072K [0x00000000d1200000, 0x0000000100000000)
  region size 1024K, 3 young (3072K), 3 survivors (3072K)
 Metaspace       used 16950K, capacity 17315K, committed 17536K, reserved 1064960K
  class space    used 1901K, capacity 2064K, committed 2176K, reserved 1048576K
}
Event: 2.483 GC heap before
{Heap before GC invocations=6 (full 0):
 garbage-first heap   total 223232K, used 85584K [0x00000000d1200000, 0x0000000100000000)
  region size 1024K, 67 young (68608K), 3 survivors (3072K)
 Metaspace       used 20635K, capacity 21204K, committed 21296K, reserved 1069056K
  class space    used 2330K, capacity 2566K, committed 2608K, reserved 1048576K
}
Event: 2.491 GC heap after
{Heap after GC invocations=7 (full 0):
 garbage-first heap   total 223232K, used 23534K [0x00000000d1200000, 0x0000000100000000)
  region size 1024K, 6 young (6144K), 6 survivors (6144K)
 Metaspace       used 20635K, capacity 21204K, committed 21296K, reserved 1069056K
  class space    used 2330K, capacity 2566K, committed 2608K, reserved 1048576K
}

