# JRE version: OpenJDK Runtime Environment (11.0.20.1+1) (build 11.0.20.1+1-post-Ubuntu-0ubuntu122.04)
# Java VM: OpenJDK 64-Bit Server VM (11.0.20.1+1-post-Ubuntu-0ubuntu122.04, mixed mode, sharing, tiered, compressed oops, g1 gc, linux-amd64)
Heap:
 garbage-first heap   total 223232K, used 104882K [0x00000000d1200000, 0x0000000100000000)
  region size 1024K, 85 young (87040K), 5 survivors (5120K)
 Metaspace       used 26857K, capacity 27791K, committed 28080K, reserved 1073152K
  class space    used 3137K, capacity 3537K, committed 3584K, reserved 1048576K
GC Heap History (14 events):
Event: 0.237 GC heap before
{Heap before GC invocations=0 (full 0):
 garbage-first heap   total 223232K, used 13008K [0x00000000d1200000, 0x0000000100000000)
  region size 1024K, 11 young (11264K), 0 survivors (0K)
 Metaspace       used 1989K, capacity 5052K, committed 5120K, reserved 1056768K
  class space    used 190K, capacity 491K, committed 512K, reserved 1048576K
}
Event: 0.243 GC heap after
{Heap after GC invocations=1 (full 0):
 garbage-first heap   total 223232K, used 6412K [0x00000000d1200000, 0x0000000100000000)
  region size 1024K, 2 young (2048K), 2 survivors (2048K)
 Metaspace       used 1989K, capacity 5052K, committed 5120K, reserved 1056768K
  class space    used 190K, capacity 491K, committed 512K, reserved 1048576K
}
Event: 0.300 GC heap before
{Heap before GC invocations=1 (full 0):
 garbage-first heap   total 223232K, used 16652K [0x00000000d1200000, 0x0000000100000000)
  region size 1024K, 10 young (10240K), 2 survivors (2048K)
 Metaspace       used 2108K, capacity 5052K, committed 5120K, reserved 1056768K
  class space    used 190K, capacity 491K, committed 512K, reserved 1048576K
}
Event: 0.304 GC heap after
{Heap after GC invocations=2 (full 0):
 garbage-first heap   total 223232K, used 14800K [0x00000000d1200000, 0x0000000100000000)
  region size 1024K, 2 young (2048K), 2 survivors (2048K)
 Metaspace       used 2108K, capacity 5052K, committed 5120K, reserved 1056768K
  class space    used 190K, capacity 491K, committed 512K, reserved 1048576K
}
Event: 0.573 GC heap before
{Heap before GC invocations=2 (full 0):
 garbage-first heap   total 223232K, used 34256K [0x00000000d1200000, 0x0000000100000000)
  region size 1024K, 19 young (19456K), 2 survivors (2048K)
 Metaspace       used 6473K, capacity 7286K, committed 7552K, reserved 1056768K
  class space    used 707K, capacity 835K, committed 896K, reserved 1048576K
}
Event: 0.576 GC heap after
{Heap after GC invocations=3 (full 0):
 garbage-first heap   total 223232K, used 19363K [0x00000000d1200000, 0x0000000100000000)
  region size 1024K, 3 young (3072K), 3 survivors (3072K)
 Metaspace       used 6473K, capacity 7286K, committed 7552K, reserved 1056768K
  class space    used 707K, capacity 835K, committed 896K, reserved 1048576K
}
Event: 0.891 GC heap before
{Heap before GC invocations=3 (full 0):
 garbage-first heap   total 223232K, used 43939K [0x00000000d1200000, 0x0000000100000000)
  region size 1024K, 27 young (27648K), 3 survivors (3072K)
 Metaspace       used 9488K, capacity 9720K, committed 10112K, reserved 1058816K
  class space    used 1007K, capacity 1112K, committed 1152K, reserved 1048576K
}
Event: 0.895 GC heap after
{Heap after GC invocations=4 (full 0):
 garbage-first heap   total 223232K, used 20221K [0x00000000d1200000, 0x0000000100000000)
  region size 1024K, 1 young (1024K), 1 survivors (1024K)
 Metaspace       used 9488K, capacity 9720K, committed 10112K, reserved 1058816K
  class space    used 1007K, capacity 1112K, committed 1152K, reserved 1048576K
}
Event: 1.016 GC heap before
{Heap before GC invocations=4 (full 0):
 garbage-first heap   total 223232K, used 58109K [0x00000000d1200000, 0x0000000100000000)
  region size 1024K, 38 young (38912K), 1 survivors (1024K)
 Metaspace       used 9600K, capacity 9944K, committed 10112K, reserved 1058816K
  class space    used 1026K, capacity 1144K, committed 1152K, reserved 1048576K
}
Event: 1.023 GC heap after
{Heap after GC invocations=5 (full 0):
 garbage-first heap   total 223232K, used 20231K [0x00000000d1200000, 0x0000000100000000)
  region size 1024K, 1 young (1024K), 1 survivors (1024K)
 Metaspace       used 9600K, capacity 9944K, committed 10112K, reserved 1058816K
  class space    used 1026K, capacity 1144K, committed 1152K, reserved 1048576K
}
Event: 1.426 GC heap before
{Heap before GC invocations=5 (full 0):
 garbage-first heap   total 223232K, used 75527K [0x00000000d1200000, 0x0000000100000000)
  region size 1024K, 55 young (56320K), 1 survivors (1024K)
 Metaspace       used 15219K, capacity 15549K, committed 15744K, reserved 1062912K
  class space    used 1707K, capacity 1842K, committed 1920K, reserved 1048576K
}
Event: 1.429 GC heap after
{Heap after GC invocations=6 (full 0):
 garbage-first heap   total 223232K, used 21518K [0x00000000d1200000, 0x0000000100000000)
  region size 1024K, 3 young (3072K), 3 survivors (3072K)
 Metaspace       used 15219K, capacity 15549K, committed 15744K, reserved 1062912K
  class space    used 1707K, capacity 1842K, committed 1920K, reserved 1048576K
}
Event: 1.886 GC heap before
{Heap before GC invocations=6 (full 0):
 garbage-first heap   total 223232K, used 95246K [0x00000000d1200000, 0x0000000100000000)
  region size 1024K, 76 young (77824K), 3 survivors (3072K)
 Metaspace       used 20594K, capacity 21152K, committed 21296K, reserved 1069056K
  class space    used 2342K, capacity 2599K, committed 2688K, reserved 1048576K
}
Event: 1.893 GC heap after
{Heap after GC invocations=7 (full 0):
 garbage-first heap   total 223232K, used 23986K [0x00000000d1200000, 0x0000000100000000)
  region size 1024K, 5 young (5120K), 5 survivors (5120K)
 Metaspace       used 20594K, capacity 21152K, committed 21296K, reserved 1069056K
  class space    used 2342K, capacity 2599K, committed 2688K, reserved 1048576K
}

