# JRE version: OpenJDK Runtime Environment (11.0.20.1+1) (build 11.0.20.1+1-post-Ubuntu-0ubuntu122.04)
# Java VM: OpenJDK 64-Bit Server VM (11.0.20.1+1-post-Ubuntu-0ubuntu122.04, mixed mode, sharing, tiered, compressed oops, g1 gc, linux-amd64)
Heap:
 garbage-first heap   total 223232K, used 107323K [0x00000000d1200000, 0x0000000100000000)
  region size 1024K, 88 young (90112K), 5 survivors (5120K)
 Metaspace       used 27292K, capacity 28201K, committed 28412K, reserved 1075200K
  class space    used 3149K, capacity 3536K, committed 3580K, reserved 1048576K
GC Heap History (14 events):
Event: 0.274 GC heap before
{Heap before GC invocations=0 (full 0):
 garbage-first heap   total 223232K, used 10960K [0x00000000d1200000, 0x0000000100000000)
  region size 1024K, 11 young (11264K), 0 survivors (0K)
 Metaspace       used 1819K, capacity 5055K, committed 5120K, reserved 1056768K
  class space    used 173K, capacity 490K, committed 512K, reserved 1048576K
}
Event: 0.281 GC heap after
{Heap after GC invocations=1 (full 0):
 garbage-first heap   total 223232K, used 4645K [0x00000000d1200000, 0x0000000100000000)
  region size 1024K, 2 young (2048K), 2 survivors (2048K)
 Metaspace       used 1819K, capacity 5055K, committed 5120K, reserved 1056768K
  class space    used 173K, capacity 490K, committed 512K, reserved 1048576K
}
Event: 0.446 GC heap before
{Heap before GC invocations=1 (full 0):
 garbage-first heap   total 223232K, used 29221K [0x00000000d1200000, 0x0000000100000000)
  region size 1024K, 19 young (19456K), 2 survivors (2048K)
 Metaspace       used 3023K, capacity 6047K, committed 6272K, reserved 1056768K
  class space    used 277K, capacity 586K, committed 640K, reserved 1048576K
}
Event: 0.453 GC heap after
{Heap after GC invocations=2 (full 0):
 garbage-first heap   total 223232K, used 16548K [0x00000000d1200000, 0x0000000100000000)
  region size 1024K, 3 young (3072K), 3 survivors (3072K)
 Metaspace       used 3023K, capacity 6047K, committed 6272K, reserved 1056768K
  class space    used 277K, capacity 586K, committed 640K, reserved 1048576K
}
Event: 0.781 GC heap before
{Heap before GC invocations=2 (full 0):
 garbage-first heap   total 223232K, used 34980K [0x00000000d1200000, 0x0000000100000000)
  region size 1024K, 21 young (21504K), 3 survivors (3072K)
 Metaspace       used 7194K, capacity 7921K, committed 8192K, reserved 1056768K
  class space    used 788K, capacity 915K, committed 1024K, reserved 1048576K
}
Event: 0.785 GC heap after
{Heap after GC invocations=3 (full 0):
 garbage-first heap   total 223232K, used 19248K [0x00000000d1200000, 0x0000000100000000)
  region size 1024K, 3 young (3072K), 3 survivors (3072K)
 Metaspace       used 7194K, capacity 7921K, committed 8192K, reserved 1056768K
  class space    used 788K, capacity 915K, committed 1024K, reserved 1048576K
}
Event: 1.129 GC heap before
{Heap before GC invocations=3 (full 0):
 garbage-first heap   total 223232K, used 43824K [0x00000000d1200000, 0x0000000100000000)
  region size 1024K, 28 young (28672K), 3 survivors (3072K)
 Metaspace       used 9426K, capacity 9684K, committed 10112K, reserved 1058816K
  class space    used 989K, capacity 1071K, committed 1152K, reserved 1048576K
}
Event: 1.133 GC heap after
{Heap after GC invocations=4 (full 0):
 garbage-first heap   total 223232K, used 19749K [0x00000000d1200000, 0x0000000100000000)
  region size 1024K, 1 young (1024K), 1 survivors (1024K)
 Metaspace       used 9426K, capacity 9684K, committed 10112K, reserved 1058816K
  class space    used 989K, capacity 1071K, committed 1152K, reserved 1048576K
}
Event: 1.290 GC heap before
{Heap before GC invocations=4 (full 0):
 garbage-first heap   total 223232K, used 58661K [0x00000000d1200000, 0x0000000100000000)
  region size 1024K, 39 young (39936K), 1 survivors (1024K)
 Metaspace       used 9759K, capacity 10004K, committed 10368K, reserved 1058816K
  class space    used 1051K, capacity 1135K, committed 1152K, reserved 1048576K
}
Event: 1.292 GC heap after
{Heap after GC invocations=5 (full 0):
 garbage-first heap   total 223232K, used 19765K [0x00000000d1200000, 0x0000000100000000)
  region size 1024K, 1 young (1024K), 1 survivors (1024K)
 Metaspace       used 9759K, capacity 10004K, committed 10368K, reserved 1058816K
  class space    used 1051K, capacity 1135K, committed 1152K, reserved 1048576K
}
Event: 1.733 GC heap before
{Heap before GC invocations=5 (full 0):
 garbage-first heap   total 223232K, used 81205K [0x00000000d1200000, 0x0000000100000000)
  region size 1024K, 61 young (62464K), 1 survivors (1024K)
 Metaspace       used 16403K, capacity 16737K, committed 17152K, reserved 1064960K
  class space    used 1837K, capacity 1979K, committed 2048K, reserved 1048576K
}
Event: 1.737 GC heap after
{Heap after GC invocations=6 (full 0):
 garbage-first heap   total 223232K, used 20793K [0x00000000d1200000, 0x0000000100000000)
  region size 1024K, 2 young (2048K), 2 survivors (2048K)
 Metaspace       used 16403K, capacity 16737K, committed 17152K, reserved 1064960K
  class space    used 1837K, capacity 1979K, committed 2048K, reserved 1048576K
}
Event: 2.159 GC heap before
{Heap before GC invocations=6 (full 0):
 garbage-first heap   total 223232K, used 91449K [0x00000000d1200000, 0x0000000100000000)
  region size 1024K, 72 young (73728K), 2 survivors (2048K)
 Metaspace       used 20625K, capacity 21206K, committed 21296K, reserved 1069056K
  class space    used 2331K, capacity 2566K, committed 2608K, reserved 1048576K
}
Event: 2.169 GC heap after
{Heap after GC invocations=7 (full 0):
 garbage-first heap   total 223232K, used 23355K [0x00000000d1200000, 0x0000000100000000)
  region size 1024K, 5 young (5120K), 5 survivors (5120K)
 Metaspace       used 20625K, capacity 21206K, committed 21296K, reserved 1069056K
  class space    used 2331K, capacity 2566K, committed 2608K, reserved 1048576K
}

