# JRE version: OpenJDK Runtime Environment (11.0.20.1+1) (build 11.0.20.1+1-post-Ubuntu-0ubuntu122.04)
# Java VM: OpenJDK 64-Bit Server VM (11.0.20.1+1-post-Ubuntu-0ubuntu122.04, mixed mode, sharing, tiered, compressed oops, g1 gc, linux-amd64)
Heap:
 garbage-first heap   total 223232K, used 107804K [0x00000000d1200000, 0x0000000100000000)
  region size 1024K, 89 young (91136K), 6 survivors (6144K)
 Metaspace       used 27300K, capacity 28201K, committed 28412K, reserved 1075200K
  class space    used 3149K, capacity 3536K, committed 3580K, reserved 1048576K
GC Heap History (14 events):
Event: 0.252 GC heap before
{Heap before GC invocations=0 (full 0):
 garbage-first heap   total 223232K, used 10960K [0x00000000d1200000, 0x0000000100000000)
  region size 1024K, 11 young (11264K), 0 survivors (0K)
 Metaspace       used 1818K, capacity 5055K, committed 5120K, reserved 1056768K
  class space    used 173K, capacity 490K, committed 512K, reserved 1048576K
}
Event: 0.258 GC heap after
{Heap after GC invocations=1 (full 0):
 garbage-first heap   total 223232K, used 4720K [0x00000000d1200000, 0x0000000100000000)
  region size 1024K, 2 young (2048K), 2 survivors (2048K)
 Metaspace       used 1818K, capacity 5055K, committed 5120K, reserved 1056768K
  class space    used 173K, capacity 490K, committed 512K, reserved 1048576K
}
Event: 0.433 GC heap before
{Heap before GC invocations=1 (full 0):
 garbage-first heap   total 223232K, used 32368K [0x00000000d1200000, 0x0000000100000000)
  region size 1024K, 22 young (22528K), 2 survivors (2048K)
 Metaspace       used 3477K, capacity 6207K, committed 6272K, reserved 1056768K
  class space    used 327K, capacity 618K, committed 640K, reserved 1048576K
}
Event: 0.440 GC heap after
{Heap after GC invocations=2 (full 0):
 garbage-first heap   total 223232K, used 17956K [0x00000000d1200000, 0x0000000100000000)
  region size 1024K, 3 young (3072K), 3 survivors (3072K)
 Metaspace       used 3477K, capacity 6207K, committed 6272K, reserved 1056768K
  class space    used 327K, capacity 618K, committed 640K, reserved 1048576K
}
Event: 0.768 GC heap before
{Heap before GC invocations=2 (full 0):
 garbage-first heap   total 223232K, used 36388K [0x00000000d1200000, 0x0000000100000000)
  region size 1024K, 21 young (21504K), 3 survivors (3072K)
 Metaspace       used 7699K, capacity 8395K, committed 8704K, reserved 1056768K
  class space    used 842K, capacity 967K, committed 1024K, reserved 1048576K
}
Event: 0.771 GC heap after
{Heap after GC invocations=3 (full 0):
 garbage-first heap   total 223232K, used 19579K [0x00000000d1200000, 0x0000000100000000)
  region size 1024K, 2 young (2048K), 2 survivors (2048K)
 Metaspace       used 7699K, capacity 8395K, committed 8704K, reserved 1056768K
  class space    used 842K, capacity 967K, committed 1024K, reserved 1048576K
}
Event: 1.046 GC heap before
{Heap before GC invocations=3 (full 0):
 garbage-first heap   total 223232K, used 44155K [0x00000000d1200000, 0x0000000100000000)
  region size 1024K, 27 young (27648K), 2 survivors (2048K)
 Metaspace       used 9414K, capacity 9684K, committed 9856K, reserved 1058816K
  class space    used 989K, capacity 1071K, committed 1152K, reserved 1048576K
}
Event: 1.050 GC heap after
{Heap after GC invocations=4 (full 0):
 garbage-first heap   total 223232K, used 19961K [0x00000000d1200000, 0x0000000100000000)
  region size 1024K, 2 young (2048K), 2 survivors (2048K)
 Metaspace       used 9414K, capacity 9684K, committed 9856K, reserved 1058816K
  class space    used 989K, capacity 1071K, committed 1152K, reserved 1048576K
}
Event: 1.181 GC heap before
{Heap before GC invocations=4 (full 0):
 garbage-first heap   total 223232K, used 61945K [0x00000000d1200000, 0x0000000100000000)
  region size 1024K, 43 young (44032K), 2 survivors (2048K)
 Metaspace       used 9836K, capacity 10100K, committed 10496K, reserved 1058816K
  class space    used 1073K, capacity 1167K, committed 1280K, reserved 1048576K
}
Event: 1.184 GC heap after
{Heap after GC invocations=5 (full 0):
 garbage-first heap   total 223232K, used 20092K [0x00000000d1200000, 0x0000000100000000)
  region size 1024K, 2 young (2048K), 2 survivors (2048K)
 Metaspace       used 9836K, capacity 10100K, committed 10496K, reserved 1058816K
  class space    used 1073K, capacity 1167K, committed 1280K, reserved 1048576K
}
Event: 1.648 GC heap before
{Heap before GC invocations=5 (full 0):
 garbage-first heap   total 223232K, used 81532K [0x00000000d1200000, 0x0000000100000000)
  region size 1024K, 62 young (63488K), 2 survivors (2048K)
 Metaspace       used 16936K, capacity 17315K, committed 17536K, reserved 1064960K
  class space    used 1901K, capacity 2064K, committed 2176K, reserved 1048576K
}
Event: 1.652 GC heap after
{Heap after GC invocations=6 (full 0):
 garbage-first heap   total 223232K, used 21268K [0x00000000d1200000, 0x0000000100000000)
  region size 1024K, 4 young (4096K), 4 survivors (4096K)
 Metaspace       used 16936K, capacity 17315K, committed 17536K, reserved 1064960K
  class space    used 1901K, capacity 2064K, committed 2176K, reserved 1048576K
}
Event: 1.992 GC heap before
{Heap before GC invocations=6 (full 0):
 garbage-first heap   total 223232K, used 85780K [0x00000000d1200000, 0x0000000100000000)
  region size 1024K, 68 young (69632K), 4 survivors (4096K)
 Metaspace       used 20631K, capacity 21206K, committed 21296K, reserved 1069056K
  class space    used 2331K, capacity 2566K, committed 2608K, reserved 1048576K
}
Event: 2.000 GC heap after
{Heap after GC invocations=7 (full 0):
 garbage-first heap   total 223232K, used 23836K [0x00000000d1200000, 0x0000000100000000)
  region size 1024K, 6 young (6144K), 6 survivors (6144K)
 Metaspace       used 20631K, capacity 21206K, committed 21296K, reserved 1069056K
  class space    used 2331K, capacity 2566K, committed 2608K, reserved 1048576K
}

