# JRE version: Java(TM) SE Runtime Environment (8.0_131-b11) (build 1.8.0_131-b11)
# Java VM: Java HotSpot(TM) 64-Bit Server VM (25.131-b11 mixed mode linux-amd64 compressed oops)
Heap:
 PSYoungGen      total 659456K, used 533160K [0x00000000d7000000, 0x0000000100000000, 0x0000000100000000)
  eden space 647168K, 82% used [0x00000000d7000000,0x00000000f77f7258,0x00000000fe800000)
  from space 12288K, 5% used [0x00000000ff400000,0x00000000ff4b2f50,0x0000000100000000)
  to   space 12288K, 0% used [0x00000000fe800000,0x00000000fe800000,0x00000000ff400000)
 ParOldGen       total 46080K, used 16800K [0x0000000085000000, 0x0000000087d00000, 0x00000000d7000000)
  object space 46080K, 36% used [0x0000000085000000,0x00000000860681c0,0x0000000087d00000)
 Metaspace       used 24477K, capacity 24672K, committed 24832K, reserved 1071104K
  class space    used 3222K, capacity 3248K, committed 3328K, reserved 1048576K
GC Heap History (10 events):
Event: 4,239 GC heap before
{Heap before GC invocations=9 (full 1):
 PSYoungGen      total 256512K, used 251136K [0x00000000d7000000, 0x00000000f0700000, 0x0000000100000000)
  eden space 248320K, 100% used [0x00000000d7000000,0x00000000e6280000,0x00000000e6280000)
  from space 8192K, 34% used [0x00000000e6280000,0x00000000e6540020,0x00000000e6a80000)
  to   space 8192K, 0% used [0x00000000eff00000,0x00000000eff00000,0x00000000f0700000)
 ParOldGen       total 46080K, used 5297K [0x0000000085000000, 0x0000000087d00000, 0x00000000d7000000)
  object space 46080K, 11% used [0x0000000085000000,0x000000008552c5f8,0x0000000087d00000)
 Metaspace       used 23914K, capacity 24064K, committed 24320K, reserved 1071104K
  class space    used 3166K, capacity 3216K, committed 3328K, reserved 1048576K
Event: 4,261 GC heap after
Heap after GC invocations=9 (full 1):
 PSYoungGen      total 409088K, used 4288K [0x00000000d7000000, 0x00000000f2980000, 0x0000000100000000)
  eden space 400896K, 0% used [0x00000000d7000000,0x00000000d7000000,0x00000000ef780000)
  from space 8192K, 52% used [0x00000000eff00000,0x00000000f0330020,0x00000000f0700000)
  to   space 7680K, 0% used [0x00000000ef780000,0x00000000ef780000,0x00000000eff00000)
 ParOldGen       total 46080K, used 5305K [0x0000000085000000, 0x0000000087d00000, 0x00000000d7000000)
  object space 46080K, 11% used [0x0000000085000000,0x000000008552e5f8,0x0000000087d00000)
 Metaspace       used 23914K, capacity 24064K, committed 24320K, reserved 1071104K
  class space    used 3166K, capacity 3216K, committed 3328K, reserved 1048576K
}
Event: 5,128 GC heap before
{Heap before GC invocations=10 (full 1):
 PSYoungGen      total 409088K, used 405184K [0x00000000d7000000, 0x00000000f2980000, 0x0000000100000000)
  eden space 400896K, 100% used [0x00000000d7000000,0x00000000ef780000,0x00000000ef780000)
  from space 8192K, 52% used [0x00000000eff00000,0x00000000f0330020,0x00000000f0700000)
  to   space 7680K, 0% used [0x00000000ef780000,0x00000000ef780000,0x00000000eff00000)
 ParOldGen       total 46080K, used 5305K [0x0000000085000000, 0x0000000087d00000, 0x00000000d7000000)
  object space 46080K, 11% used [0x0000000085000000,0x000000008552e5f8,0x0000000087d00000)
 Metaspace       used 23930K, capacity 24128K, committed 24320K, reserved 1071104K
  class space    used 3166K, capacity 3216K, committed 3328K, reserved 1048576K
Event: 5,138 GC heap after
Heap after GC invocations=10 (full 1):
 PSYoungGen      total 408576K, used 3648K [0x00000000d7000000, 0x00000000faf80000, 0x0000000100000000)
  eden space 400896K, 0% used [0x00000000d7000000,0x00000000d7000000,0x00000000ef780000)
  from space 7680K, 47% used [0x00000000ef780000,0x00000000efb10000,0x00000000eff00000)
  to   space 7680K, 0% used [0x00000000fa800000,0x00000000fa800000,0x00000000faf80000)
 ParOldGen       total 46080K, used 7226K [0x0000000085000000, 0x0000000087d00000, 0x00000000d7000000)
  object space 46080K, 15% used [0x0000000085000000,0x000000008570ebb0,0x0000000087d00000)
 Metaspace       used 23930K, capacity 24128K, committed 24320K, reserved 1071104K
  class space    used 3166K, capacity 3216K, committed 3328K, reserved 1048576K
}
Event: 5,970 GC heap before
{Heap before GC invocations=11 (full 1):
 PSYoungGen      total 408576K, used 404544K [0x00000000d7000000, 0x00000000faf80000, 0x0000000100000000)
  eden space 400896K, 100% used [0x00000000d7000000,0x00000000ef780000,0x00000000ef780000)
  from space 7680K, 47% used [0x00000000ef780000,0x00000000efb10000,0x00000000eff00000)
  to   space 7680K, 0% used [0x00000000fa800000,0x00000000fa800000,0x00000000faf80000)
 ParOldGen       total 46080K, used 7226K [0x0000000085000000, 0x0000000087d00000, 0x00000000d7000000)
  object space 46080K, 15% used [0x0000000085000000,0x000000008570ebb0,0x0000000087d00000)
 Metaspace       used 23930K, capacity 24128K, committed 24320K, reserved 1071104K
  class space    used 3166K, capacity 3216K, committed 3328K, reserved 1048576K
Event: 5,999 GC heap after
Heap after GC invocations=11 (full 1):
 PSYoungGen      total 577536K, used 7680K [0x00000000d7000000, 0x00000000fb800000, 0x0000000100000000)
  eden space 569856K, 0% used [0x00000000d7000000,0x00000000d7000000,0x00000000f9c80000)
  from space 7680K, 100% used [0x00000000fa800000,0x00000000faf80000,0x00000000faf80000)
  to   space 11776K, 0% used [0x00000000f9c80000,0x00000000f9c80000,0x00000000fa800000)
 ParOldGen       total 46080K, used 16728K [0x0000000085000000, 0x0000000087d00000, 0x00000000d7000000)
  object space 46080K, 36% used [0x0000000085000000,0x00000000860561c0,0x0000000087d00000)
 Metaspace       used 23930K, capacity 24128K, committed 24320K, reserved 1071104K
  class space    used 3166K, capacity 3216K, committed 3328K, reserved 1048576K
}
Event: 24,596 GC heap before
{Heap before GC invocations=12 (full 1):
 PSYoungGen      total 577536K, used 577536K [0x00000000d7000000, 0x00000000fb800000, 0x0000000100000000)
  eden space 569856K, 100% used [0x00000000d7000000,0x00000000f9c80000,0x00000000f9c80000)
  from space 7680K, 100% used [0x00000000fa800000,0x00000000faf80000,0x00000000faf80000)
  to   space 11776K, 0% used [0x00000000f9c80000,0x00000000f9c80000,0x00000000fa800000)
 ParOldGen       total 46080K, used 16728K [0x0000000085000000, 0x0000000087d00000, 0x00000000d7000000)
  object space 46080K, 36% used [0x0000000085000000,0x00000000860561c0,0x0000000087d00000)
 Metaspace       used 24007K, capacity 24192K, committed 24576K, reserved 1071104K
  class space    used 3174K, capacity 3216K, committed 3328K, reserved 1048576K
Event: 24,598 GC heap after
Heap after GC invocations=12 (full 1):
 PSYoungGen      total 581632K, used 160K [0x00000000d7000000, 0x0000000100000000, 0x0000000100000000)
  eden space 569856K, 0% used [0x00000000d7000000,0x00000000d7000000,0x00000000f9c80000)
  from space 11776K, 1% used [0x00000000f9c80000,0x00000000f9ca8000,0x00000000fa800000)
  to   space 12288K, 0% used [0x00000000ff400000,0x00000000ff400000,0x0000000100000000)
 ParOldGen       total 46080K, used 16752K [0x0000000085000000, 0x0000000087d00000, 0x00000000d7000000)
  object space 46080K, 36% used [0x0000000085000000,0x000000008605c1c0,0x0000000087d00000)
 Metaspace       used 24007K, capacity 24192K, committed 24576K, reserved 1071104K
  class space    used 3174K, capacity 3216K, committed 3328K, reserved 1048576K
}
Event: 60,764 GC heap before
{Heap before GC invocations=13 (full 1):
 PSYoungGen      total 581632K, used 570016K [0x00000000d7000000, 0x0000000100000000, 0x0000000100000000)
  eden space 569856K, 100% used [0x00000000d7000000,0x00000000f9c80000,0x00000000f9c80000)
  from space 11776K, 1% used [0x00000000f9c80000,0x00000000f9ca8000,0x00000000fa800000)
  to   space 12288K, 0% used [0x00000000ff400000,0x00000000ff400000,0x0000000100000000)
 ParOldGen       total 46080K, used 16752K [0x0000000085000000, 0x0000000087d00000, 0x00000000d7000000)
  object space 46080K, 36% used [0x0000000085000000,0x000000008605c1c0,0x0000000087d00000)
 Metaspace       used 24463K, capacity 24608K, committed 24832K, reserved 1071104K
  class space    used 3222K, capacity 3248K, committed 3328K, reserved 1048576K
Event: 60,768 GC heap after
Heap after GC invocations=13 (full 1):
 PSYoungGen      total 659456K, used 715K [0x00000000d7000000, 0x0000000100000000, 0x0000000100000000)
  eden space 647168K, 0% used [0x00000000d7000000,0x00000000d7000000,0x00000000fe800000)
  from space 12288K, 5% used [0x00000000ff400000,0x00000000ff4b2f50,0x0000000100000000)
  to   space 12288K, 0% used [0x00000000fe800000,0x00000000fe800000,0x00000000ff400000)
 ParOldGen       total 46080K, used 16800K [0x0000000085000000, 0x0000000087d00000, 0x00000000d7000000)
  object space 46080K, 36% used [0x0000000085000000,0x00000000860681c0,0x0000000087d00000)
 Metaspace       used 24463K, capacity 24608K, committed 24832K, reserved 1071104K
  class space    used 3222K, capacity 3248K, committed 3328K, reserved 1048576K
}

