# JRE version: OpenJDK Runtime Environment (11.0.20.1+1) (build 11.0.20.1+1-post-Ubuntu-0ubuntu122.04)
# Java VM: OpenJDK 64-Bit Server VM (11.0.20.1+1-post-Ubuntu-0ubuntu122.04, mixed mode, sharing, tiered, compressed oops, g1 gc, linux-amd64)
Heap:
 garbage-first heap   total 223232K, used 108172K [0x00000000d1200000, 0x0000000100000000)
  region size 1024K, 91 young (93184K), 7 survivors (7168K)
 Metaspace       used 27280K, capacity 28200K, committed 28412K, reserved 1075200K
  class space    used 3149K, capacity 3536K, committed 3580K, reserved 1048576K
GC Heap History (14 events):
Event: 0.273 GC heap before
{Heap before GC invocations=0 (full 0):
 garbage-first heap   total 223232K, used 10960K [0x00000000d1200000, 0x0000000100000000)
  region size 1024K, 11 young (11264K), 0 survivors (0K)
 Metaspace       used 1819K, capacity 5055K, committed 5120K, reserved 1056768K
  class space    used 173K, capacity 490K, committed 512K, reserved 1048576K
}
Event: 0.279 GC heap after
{Heap after GC invocations=1 (full 0):
 garbage-first heap   total 223232K, used 4585K [0x00000000d1200000, 0x0000000100000000)
  region size 1024K, 2 young (2048K), 2 survivors (2048K)
 Metaspace       used 1819K, capacity 5055K, committed 5120K, reserved 1056768K
  class space    used 173K, capacity 490K, committed 512K, reserved 1048576K
}
Event: 0.431 GC heap before
{Heap before GC invocations=1 (full 0):
 garbage-first heap   total 223232K, used 30185K [0x00000000d1200000, 0x0000000100000000)
  region size 1024K, 20 young (20480K), 2 survivors (2048K)
 Metaspace       used 3021K, capacity 6047K, committed 6272K, reserved 1056768K
  class space    used 277K, capacity 586K, committed 640K, reserved 1048576K
}
Event: 0.438 GC heap after
{Heap after GC invocations=2 (full 0):
 garbage-first heap   total 223232K, used 16865K [0x00000000d1200000, 0x0000000100000000)
  region size 1024K, 3 young (3072K), 3 survivors (3072K)
 Metaspace       used 3021K, capacity 6047K, committed 6272K, reserved 1056768K
  class space    used 277K, capacity 586K, committed 640K, reserved 1048576K
}
Event: 0.778 GC heap before
{Heap before GC invocations=2 (full 0):
 garbage-first heap   total 223232K, used 35297K [0x00000000d1200000, 0x0000000100000000)
  region size 1024K, 21 young (21504K), 3 survivors (3072K)
 Metaspace       used 7353K, capacity 8075K, committed 8448K, reserved 1056768K
  class space    used 805K, capacity 924K, committed 1024K, reserved 1048576K
}
Event: 0.782 GC heap after
{Heap after GC invocations=3 (full 0):
 garbage-first heap   total 223232K, used 18941K [0x00000000d1200000, 0x0000000100000000)
  region size 1024K, 2 young (2048K), 2 survivors (2048K)
 Metaspace       used 7353K, capacity 8075K, committed 8448K, reserved 1056768K
  class space    used 805K, capacity 924K, committed 1024K, reserved 1048576K
}
Event: 1.135 GC heap before
{Heap before GC invocations=3 (full 0):
 garbage-first heap   total 223232K, used 43517K [0x00000000d1200000, 0x0000000100000000)
  region size 1024K, 27 young (27648K), 2 survivors (2048K)
 Metaspace       used 9426K, capacity 9683K, committed 10112K, reserved 1058816K
  class space    used 989K, capacity 1071K, committed 1152K, reserved 1048576K
}
Event: 1.138 GC heap after
{Heap after GC invocations=4 (full 0):
 garbage-first heap   total 223232K, used 19444K [0x00000000d1200000, 0x0000000100000000)
  region size 1024K, 3 young (3072K), 3 survivors (3072K)
 Metaspace       used 9426K, capacity 9683K, committed 10112K, reserved 1058816K
  class space    used 989K, capacity 1071K, committed 1152K, reserved 1048576K
}
Event: 1.257 GC heap before
{Heap before GC invocations=4 (full 0):
 garbage-first heap   total 223232K, used 58356K [0x00000000d1200000, 0x0000000100000000)
  region size 1024K, 41 young (41984K), 3 survivors (3072K)
 Metaspace       used 9806K, capacity 10099K, committed 10496K, reserved 1058816K
  class space    used 1061K, capacity 1167K, committed 1280K, reserved 1048576K
}
Event: 1.260 GC heap after
{Heap after GC invocations=5 (full 0):
 garbage-first heap   total 223232K, used 19470K [0x00000000d1200000, 0x0000000100000000)
  region size 1024K, 3 young (3072K), 3 survivors (3072K)
 Metaspace       used 9806K, capacity 10099K, committed 10496K, reserved 1058816K
  class space    used 1061K, capacity 1167K, committed 1280K, reserved 1048576K
}
Event: 1.809 GC heap before
{Heap before GC invocations=5 (full 0):
 garbage-first heap   total 223232K, used 93198K [0x00000000d1200000, 0x0000000100000000)
  region size 1024K, 75 young (76800K), 3 survivors (3072K)
 Metaspace       used 17352K, capacity 17743K, committed 18048K, reserved 1064960K
  class space    used 1945K, capacity 2101K, committed 2176K, reserved 1048576K
}
Event: 1.813 GC heap after
{Heap after GC invocations=6 (full 0):
 garbage-first heap   total 223232K, used 20812K [0x00000000d1200000, 0x0000000100000000)
  region size 1024K, 4 young (4096K), 4 survivors (4096K)
 Metaspace       used 17352K, capacity 17743K, committed 18048K, reserved 1064960K
  class space    used 1945K, capacity 2101K, committed 2176K, reserved 1048576K
}
Event: 2.100 GC heap before
{Heap before GC invocations=6 (full 0):
 garbage-first heap   total 223232K, used 78156K [0x00000000d1200000, 0x0000000100000000)
  region size 1024K, 61 young (62464K), 4 survivors (4096K)
 Metaspace       used 20638K, capacity 21205K, committed 21296K, reserved 1069056K
  class space    used 2330K, capacity 2566K, committed 2608K, reserved 1048576K
}
Event: 2.109 GC heap after
{Heap after GC invocations=7 (full 0):
 garbage-first heap   total 223232K, used 23180K [0x00000000d1200000, 0x0000000100000000)
  region size 1024K, 7 young (7168K), 7 survivors (7168K)
 Metaspace       used 20638K, capacity 21205K, committed 21296K, reserved 1069056K
  class space    used 2330K, capacity 2566K, committed 2608K, reserved 1048576K
}

