# JRE version: OpenJDK Runtime Environment (11.0.20.1+1) (build 11.0.20.1+1-post-Ubuntu-0ubuntu122.04)
# Java VM: OpenJDK 64-Bit Server VM (11.0.20.1+1-post-Ubuntu-0ubuntu122.04, mixed mode, sharing, tiered, compressed oops, g1 gc, linux-amd64)
Heap:
 garbage-first heap   total 223232K, used 106519K [0x00000000d1200000, 0x0000000100000000)
  region size 1024K, 87 young (89088K), 5 survivors (5120K)
 Metaspace       used 26883K, capacity 27799K, committed 28080K, reserved 1073152K
  class space    used 3140K, capacity 3538K, committed 3584K, reserved 1048576K
GC Heap History (14 events):
Event: 0.233 GC heap before
{Heap before GC invocations=0 (full 0):
 garbage-first heap   total 223232K, used 13008K [0x00000000d1200000, 0x0000000100000000)
  region size 1024K, 11 young (11264K), 0 survivors (0K)
 Metaspace       used 1989K, capacity 5052K, committed 5120K, reserved 1056768K
  class space    used 190K, capacity 491K, committed 512K, reserved 1048576K
}
Event: 0.239 GC heap after
{Heap after GC invocations=1 (full 0):
 garbage-first heap   total 223232K, used 6388K [0x00000000d1200000, 0x0000000100000000)
  region size 1024K, 2 young (2048K), 2 survivors (2048K)
 Metaspace       used 1989K, capacity 5052K, committed 5120K, reserved 1056768K
  class space    used 190K, capacity 491K, committed 512K, reserved 1048576K
}
Event: 0.293 GC heap before
{Heap before GC invocations=1 (full 0):
 garbage-first heap   total 223232K, used 16628K [0x00000000d1200000, 0x0000000100000000)
  region size 1024K, 10 young (10240K), 2 survivors (2048K)
 Metaspace       used 2104K, capacity 5052K, committed 5120K, reserved 1056768K
  class space    used 190K, capacity 491K, committed 512K, reserved 1048576K
}
Event: 0.297 GC heap after
{Heap after GC invocations=2 (full 0):
 garbage-first heap   total 223232K, used 14625K [0x00000000d1200000, 0x0000000100000000)
  region size 1024K, 2 young (2048K), 2 survivors (2048K)
 Metaspace       used 2104K, capacity 5052K, committed 5120K, reserved 1056768K
  class space    used 190K, capacity 491K, committed 512K, reserved 1048576K
}
Event: 0.562 GC heap before
{Heap before GC invocations=2 (full 0):
 garbage-first heap   total 223232K, used 33057K [0x00000000d1200000, 0x0000000100000000)
  region size 1024K, 19 young (19456K), 2 survivors (2048K)
 Metaspace       used 6434K, capacity 7280K, committed 7552K, reserved 1056768K
  class space    used 702K, capacity 832K, committed 896K, reserved 1048576K
}
Event: 0.564 GC heap after
{Heap after GC invocations=3 (full 0):
 garbage-first heap   total 223232K, used 19193K [0x00000000d1200000, 0x0000000100000000)
  region size 1024K, 3 young (3072K), 3 survivors (3072K)
 Metaspace       used 6434K, capacity 7280K, committed 7552K, reserved 1056768K
  class space    used 702K, capacity 832K, committed 896K, reserved 1048576K
}
Event: 0.865 GC heap before
{Heap before GC invocations=3 (full 0):
 garbage-first heap   total 223232K, used 43769K [0x00000000d1200000, 0x0000000100000000)
  region size 1024K, 27 young (27648K), 3 survivors (3072K)
 Metaspace       used 9486K, capacity 9720K, committed 9856K, reserved 1058816K
  class space    used 1007K, capacity 1112K, committed 1152K, reserved 1048576K
}
Event: 0.868 GC heap after
{Heap after GC invocations=4 (full 0):
 garbage-first heap   total 223232K, used 19844K [0x00000000d1200000, 0x0000000100000000)
  region size 1024K, 1 young (1024K), 1 survivors (1024K)
 Metaspace       used 9486K, capacity 9720K, committed 9856K, reserved 1058816K
  class space    used 1007K, capacity 1112K, committed 1152K, reserved 1048576K
}
Event: 0.950 GC heap before
{Heap before GC invocations=4 (full 0):
 garbage-first heap   total 223232K, used 58756K [0x00000000d1200000, 0x0000000100000000)
  region size 1024K, 39 young (39936K), 1 survivors (1024K)
 Metaspace       used 9567K, capacity 9880K, committed 10112K, reserved 1058816K
  class space    used 1020K, capacity 1144K, committed 1152K, reserved 1048576K
}
Event: 0.952 GC heap after
{Heap after GC invocations=5 (full 0):
 garbage-first heap   total 223232K, used 19856K [0x00000000d1200000, 0x0000000100000000)
  region size 1024K, 1 young (1024K), 1 survivors (1024K)
 Metaspace       used 9567K, capacity 9880K, committed 10112K, reserved 1058816K
  class space    used 1020K, capacity 1144K, committed 1152K, reserved 1048576K
}
Event: 1.333 GC heap before
{Heap before GC invocations=5 (full 0):
 garbage-first heap   total 223232K, used 79248K [0x00000000d1200000, 0x0000000100000000)
  region size 1024K, 59 young (60416K), 1 survivors (1024K)
 Metaspace       used 15909K, capacity 16300K, committed 16640K, reserved 1064960K
  class space    used 1778K, capacity 1943K, committed 2048K, reserved 1048576K
}
Event: 1.335 GC heap after
{Heap after GC invocations=6 (full 0):
 garbage-first heap   total 223232K, used 21276K [0x00000000d1200000, 0x0000000100000000)
  region size 1024K, 3 young (3072K), 3 survivors (3072K)
 Metaspace       used 15909K, capacity 16300K, committed 16640K, reserved 1064960K
  class space    used 1778K, capacity 1943K, committed 2048K, reserved 1048576K
}
Event: 1.721 GC heap before
{Heap before GC invocations=6 (full 0):
 garbage-first heap   total 223232K, used 91932K [0x00000000d1200000, 0x0000000100000000)
  region size 1024K, 73 young (74752K), 3 survivors (3072K)
 Metaspace       used 20604K, capacity 21154K, committed 21296K, reserved 1069056K
  class space    used 2343K, capacity 2599K, committed 2688K, reserved 1048576K
}
Event: 1.730 GC heap after
{Heap after GC invocations=7 (full 0):
 garbage-first heap   total 223232K, used 23575K [0x00000000d1200000, 0x0000000100000000)
  region size 1024K, 5 young (5120K), 5 survivors (5120K)
 Metaspace       used 20604K, capacity 21154K, committed 21296K, reserved 1069056K
  class space    used 2343K, capacity 2599K, committed 2688K, reserved 1048576K
}

