# JRE version: OpenJDK Runtime Environment (11.0.20.1+1) (build 11.0.20.1+1-post-Ubuntu-0ubuntu122.04)
# Java VM: OpenJDK 64-Bit Server VM (11.0.20.1+1-post-Ubuntu-0ubuntu122.04, mixed mode, sharing, tiered, compressed oops, g1 gc, linux-amd64)
Heap:
 garbage-first heap   total 223232K, used 109689K [0x00000000d1200000, 0x0000000100000000)
  region size 1024K, 91 young (93184K), 6 survivors (6144K)
 Metaspace       used 27396K, capacity 28296K, committed 28412K, reserved 1075200K
  class space    used 3161K, capacity 3546K, committed 3580K, reserved 1048576K
GC Heap History (14 events):
Event: 0.407 GC heap before
{Heap before GC invocations=0 (full 0):
 garbage-first heap   total 223232K, used 10960K [0x00000000d1200000, 0x0000000100000000)
  region size 1024K, 11 young (11264K), 0 survivors (0K)
 Metaspace       used 1826K, capacity 5055K, committed 5120K, reserved 1056768K
  class space    used 173K, capacity 490K, committed 512K, reserved 1048576K
}
Event: 0.413 GC heap after
{Heap after GC invocations=1 (full 0):
 garbage-first heap   total 223232K, used 4607K [0x00000000d1200000, 0x0000000100000000)
  region size 1024K, 2 young (2048K), 2 survivors (2048K)
 Metaspace       used 1826K, capacity 5055K, committed 5120K, reserved 1056768K
  class space    used 173K, capacity 490K, committed 512K, reserved 1048576K
}
Event: 0.633 GC heap before
{Heap before GC invocations=1 (full 0):
 garbage-first heap   total 223232K, used 32255K [0x00000000d1200000, 0x0000000100000000)
  region size 1024K, 22 young (22528K), 2 survivors (2048K)
 Metaspace       used 3495K, capacity 6175K, committed 6272K, reserved 1056768K
  class space    used 327K, capacity 586K, committed 640K, reserved 1048576K
}
Event: 0.639 GC heap after
{Heap after GC invocations=2 (full 0):
 garbage-first heap   total 223232K, used 18057K [0x00000000d1200000, 0x0000000100000000)
  region size 1024K, 3 young (3072K), 3 survivors (3072K)
 Metaspace       used 3495K, capacity 6175K, committed 6272K, reserved 1056768K
  class space    used 327K, capacity 586K, committed 640K, reserved 1048576K
}
Event: 1.046 GC heap before
{Heap before GC invocations=2 (full 0):
 garbage-first heap   total 223232K, used 36489K [0x00000000d1200000, 0x0000000100000000)
  region size 1024K, 21 young (21504K), 3 survivors (3072K)
 Metaspace       used 7731K, capacity 8395K, committed 8704K, reserved 1056768K
  class space    used 842K, capacity 967K, committed 1024K, reserved 1048576K
}
Event: 1.050 GC heap after
{Heap after GC invocations=3 (full 0):
 garbage-first heap   total 223232K, used 19401K [0x00000000d1200000, 0x0000000100000000)
  region size 1024K, 2 young (2048K), 2 survivors (2048K)
 Metaspace       used 7731K, capacity 8395K, committed 8704K, reserved 1056768K
  class space    used 842K, capacity 967K, committed 1024K, reserved 1048576K
}
Event: 1.287 GC heap before
{Heap before GC invocations=3 (full 0):
 garbage-first heap   total 223232K, used 43977K [0x00000000d1200000, 0x0000000100000000)
  region size 1024K, 27 young (27648K), 2 survivors (2048K)
 Metaspace       used 9424K, capacity 9684K, committed 9856K, reserved 1058816K
  class space    used 989K, capacity 1071K, committed 1152K, reserved 1048576K
}
Event: 1.290 GC heap after
{Heap after GC invocations=4 (full 0):
 garbage-first heap   total 223232K, used 19823K [0x00000000d1200000, 0x0000000100000000)
  region size 1024K, 2 young (2048K), 2 survivors (2048K)
 Metaspace       used 9424K, capacity 9684K, committed 9856K, reserved 1058816K
  class space    used 989K, capacity 1071K, committed 1152K, reserved 1048576K
}
Event: 1.409 GC heap before
{Heap before GC invocations=4 (full 0):
 garbage-first heap   total 223232K, used 62831K [0x00000000d1200000, 0x0000000100000000)
  region size 1024K, 44 young (45056K), 2 survivors (2048K)
 Metaspace       used 9841K, capacity 10100K, committed 10496K, reserved 1058816K
  class space    used 1072K, capacity 1167K, committed 1280K, reserved 1048576K
}
Event: 1.412 GC heap after
{Heap after GC invocations=5 (full 0):
 garbage-first heap   total 223232K, used 19972K [0x00000000d1200000, 0x0000000100000000)
  region size 1024K, 2 young (2048K), 2 survivors (2048K)
 Metaspace       used 9841K, capacity 10100K, committed 10496K, reserved 1058816K
  class space    used 1072K, capacity 1167K, committed 1280K, reserved 1048576K
}
Event: 1.802 GC heap before
{Heap before GC invocations=5 (full 0):
 garbage-first heap   total 223232K, used 82436K [0x00000000d1200000, 0x0000000100000000)
  region size 1024K, 63 young (64512K), 2 survivors (2048K)
 Metaspace       used 16698K, capacity 17045K, committed 17152K, reserved 1064960K
  class space    used 1871K, capacity 2016K, committed 2048K, reserved 1048576K
}
Event: 1.807 GC heap after
{Heap after GC invocations=6 (full 0):
 garbage-first heap   total 223232K, used 21038K [0x00000000d1200000, 0x0000000100000000)
  region size 1024K, 3 young (3072K), 3 survivors (3072K)
 Metaspace       used 16698K, capacity 17045K, committed 17152K, reserved 1064960K
  class space    used 1871K, capacity 2016K, committed 2048K, reserved 1048576K
}
Event: 2.169 GC heap before
{Heap before GC invocations=6 (full 0):
 garbage-first heap   total 223232K, used 86574K [0x00000000d1200000, 0x0000000100000000)
  region size 1024K, 68 young (69632K), 3 survivors (3072K)
 Metaspace       used 20582K, capacity 21142K, committed 21296K, reserved 1069056K
  class space    used 2328K, capacity 2566K, committed 2608K, reserved 1048576K
}
Event: 2.180 GC heap after
{Heap after GC invocations=7 (full 0):
 garbage-first heap   total 223232K, used 23673K [0x00000000d1200000, 0x0000000100000000)
  region size 1024K, 6 young (6144K), 6 survivors (6144K)
 Metaspace       used 20582K, capacity 21142K, committed 21296K, reserved 1069056K
  class space    used 2328K, capacity 2566K, committed 2608K, reserved 1048576K
}

