# JRE version: OpenJDK Runtime Environment (11.0.20.1+1) (build 11.0.20.1+1-post-Ubuntu-0ubuntu122.04)
# Java VM: OpenJDK 64-Bit Server VM (11.0.20.1+1-post-Ubuntu-0ubuntu122.04, mixed mode, sharing, tiered, compressed oops, g1 gc, linux-amd64)
Heap:
 garbage-first heap   total 223232K, used 108298K [0x00000000d1200000, 0x0000000100000000)
  region size 1024K, 92 young (94208K), 8 survivors (8192K)
 Metaspace       used 27308K, capacity 28201K, committed 28412K, reserved 1075200K
  class space    used 3149K, capacity 3536K, committed 3580K, reserved 1048576K
GC Heap History (12 events):
Event: 0.263 GC heap before
{Heap before GC invocations=0 (full 0):
 garbage-first heap   total 223232K, used 10960K [0x00000000d1200000, 0x0000000100000000)
  region size 1024K, 11 young (11264K), 0 survivors (0K)
 Metaspace       used 1820K, capacity 5055K, committed 5120K, reserved 1056768K
  class space    used 173K, capacity 490K, committed 512K, reserved 1048576K
}
Event: 0.267 GC heap after
{Heap after GC invocations=1 (full 0):
 garbage-first heap   total 223232K, used 4810K [0x00000000d1200000, 0x0000000100000000)
  region size 1024K, 2 young (2048K), 2 survivors (2048K)
 Metaspace       used 1820K, capacity 5055K, committed 5120K, reserved 1056768K
  class space    used 173K, capacity 490K, committed 512K, reserved 1048576K
}
Event: 0.331 GC heap before
{Heap before GC invocations=1 (full 0):
 garbage-first heap   total 223232K, used 18122K [0x00000000d1200000, 0x0000000100000000)
  region size 1024K, 11 young (11264K), 2 survivors (2048K)
 Metaspace       used 1945K, capacity 5055K, committed 5120K, reserved 1056768K
  class space    used 173K, capacity 490K, committed 512K, reserved 1048576K
}
Event: 0.335 GC heap after
{Heap after GC invocations=2 (full 0):
 garbage-first heap   total 223232K, used 13673K [0x00000000d1200000, 0x0000000100000000)
  region size 1024K, 2 young (2048K), 2 survivors (2048K)
 Metaspace       used 1945K, capacity 5055K, committed 5120K, reserved 1056768K
  class space    used 173K, capacity 490K, committed 512K, reserved 1048576K
}
Event: 0.620 GC heap before
{Heap before GC invocations=2 (full 0):
 garbage-first heap   total 223232K, used 34153K [0x00000000d1200000, 0x0000000100000000)
  region size 1024K, 21 young (21504K), 2 survivors (2048K)
 Metaspace       used 5981K, capacity 7042K, committed 7296K, reserved 1056768K
  class space    used 652K, capacity 793K, committed 896K, reserved 1048576K
}
Event: 0.623 GC heap after
{Heap after GC invocations=3 (full 0):
 garbage-first heap   total 223232K, used 18354K [0x00000000d1200000, 0x0000000100000000)
  region size 1024K, 3 young (3072K), 3 survivors (3072K)
 Metaspace       used 5981K, capacity 7042K, committed 7296K, reserved 1056768K
  class space    used 652K, capacity 793K, committed 896K, reserved 1048576K
}
Event: 1.124 GC heap before
{Heap before GC invocations=3 (full 0):
 garbage-first heap   total 223232K, used 61362K [0x00000000d1200000, 0x0000000100000000)
  region size 1024K, 45 young (46080K), 3 survivors (3072K)
 Metaspace       used 9425K, capacity 9684K, committed 9856K, reserved 1058816K
  class space    used 989K, capacity 1071K, committed 1152K, reserved 1048576K
}
Event: 1.128 GC heap after
{Heap after GC invocations=4 (full 0):
 garbage-first heap   total 223232K, used 19415K [0x00000000d1200000, 0x0000000100000000)
  region size 1024K, 5 young (5120K), 5 survivors (5120K)
 Metaspace       used 9425K, capacity 9684K, committed 9856K, reserved 1058816K
  class space    used 989K, capacity 1071K, committed 1152K, reserved 1048576K
}
Event: 1.310 GC heap before
{Heap before GC invocations=4 (full 0):
 garbage-first heap   total 223232K, used 74711K [0x00000000d1200000, 0x0000000100000000)
  region size 1024K, 59 young (60416K), 5 survivors (5120K)
 Metaspace       used 10201K, capacity 10452K, committed 10752K, reserved 1058816K
  class space    used 1118K, capacity 1199K, committed 1280K, reserved 1048576K
}
Event: 1.314 GC heap after
{Heap after GC invocations=5 (full 0):
 garbage-first heap   total 223232K, used 19610K [0x00000000d1200000, 0x0000000100000000)
  region size 1024K, 5 young (5120K), 5 survivors (5120K)
 Metaspace       used 10201K, capacity 10452K, committed 10752K, reserved 1058816K
  class space    used 1118K, capacity 1199K, committed 1280K, reserved 1048576K
}
Event: 2.078 GC heap before
{Heap before GC invocations=5 (full 0):
 garbage-first heap   total 223232K, used 125082K [0x00000000d1200000, 0x0000000100000000)
  region size 1024K, 109 young (111616K), 5 survivors (5120K)
 Metaspace       used 20639K, capacity 21206K, committed 21296K, reserved 1069056K
  class space    used 2330K, capacity 2566K, committed 2608K, reserved 1048576K
}
Event: 2.093 GC heap after
{Heap after GC invocations=6 (full 0):
 garbage-first heap   total 223232K, used 23306K [0x00000000d1200000, 0x0000000100000000)
  region size 1024K, 8 young (8192K), 8 survivors (8192K)
 Metaspace       used 20639K, capacity 21206K, committed 21296K, reserved 1069056K
  class space    used 2330K, capacity 2566K, committed 2608K, reserved 1048576K
}

