# JRE version: OpenJDK Runtime Environment (11.0.20.1+1) (build 11.0.20.1+1-post-Ubuntu-0ubuntu122.04)
# Java VM: OpenJDK 64-Bit Server VM (11.0.20.1+1-post-Ubuntu-0ubuntu122.04, mixed mode, sharing, tiered, compressed oops, g1 gc, linux-amd64)
Heap:
 garbage-first heap   total 223232K, used 112422K [0x00000000d1200000, 0x0000000100000000)
  region size 1024K, 94 young (96256K), 6 survivors (6144K)
 Metaspace       used 27371K, capacity 28230K, committed 28412K, reserved 1075200K
  class space    used 3156K, capacity 3546K, committed 3580K, reserved 1048576K
GC Heap History (14 events):
Event: 0.487 GC heap before
{Heap before GC invocations=0 (full 0):
 garbage-first heap   total 223232K, used 10960K [0x00000000d1200000, 0x0000000100000000)
  region size 1024K, 11 young (11264K), 0 survivors (0K)
 Metaspace       used 1823K, capacity 5055K, committed 5120K, reserved 1056768K
  class space    used 173K, capacity 490K, committed 512K, reserved 1048576K
}
Event: 0.524 GC heap after
{Heap after GC invocations=1 (full 0):
 garbage-first heap   total 223232K, used 4609K [0x00000000d1200000, 0x0000000100000000)
  region size 1024K, 2 young (2048K), 2 survivors (2048K)
 Metaspace       used 1823K, capacity 5055K, committed 5120K, reserved 1056768K
  class space    used 173K, capacity 490K, committed 512K, reserved 1048576K
}
Event: 0.699 GC heap before
{Heap before GC invocations=1 (full 0):
 garbage-first heap   total 223232K, used 17921K [0x00000000d1200000, 0x0000000100000000)
  region size 1024K, 11 young (11264K), 2 survivors (2048K)
 Metaspace       used 1952K, capacity 5055K, committed 5120K, reserved 1056768K
  class space    used 173K, capacity 490K, committed 512K, reserved 1048576K
}
Event: 0.743 GC heap after
{Heap after GC invocations=2 (full 0):
 garbage-first heap   total 223232K, used 13672K [0x00000000d1200000, 0x0000000100000000)
  region size 1024K, 2 young (2048K), 2 survivors (2048K)
 Metaspace       used 1952K, capacity 5055K, committed 5120K, reserved 1056768K
  class space    used 173K, capacity 490K, committed 512K, reserved 1048576K
}
Event: 1.547 GC heap before
{Heap before GC invocations=2 (full 0):
 garbage-first heap   total 223232K, used 33128K [0x00000000d1200000, 0x0000000100000000)
  region size 1024K, 19 young (19456K), 2 survivors (2048K)
 Metaspace       used 5679K, capacity 6779K, committed 6912K, reserved 1056768K
  class space    used 583K, capacity 727K, committed 768K, reserved 1048576K
}
Event: 1.568 GC heap after
{Heap after GC invocations=3 (full 0):
 garbage-first heap   total 223232K, used 18159K [0x00000000d1200000, 0x0000000100000000)
  region size 1024K, 3 young (3072K), 3 survivors (3072K)
 Metaspace       used 5679K, capacity 6779K, committed 6912K, reserved 1056768K
  class space    used 583K, capacity 727K, committed 768K, reserved 1048576K
}
Event: 2.445 GC heap before
{Heap before GC invocations=3 (full 0):
 garbage-first heap   total 223232K, used 39663K [0x00000000d1200000, 0x0000000100000000)
  region size 1024K, 25 young (25600K), 3 survivors (3072K)
 Metaspace       used 9364K, capacity 9604K, committed 9856K, reserved 1058816K
  class space    used 988K, capacity 1071K, committed 1152K, reserved 1048576K
}
Event: 2.450 GC heap after
{Heap after GC invocations=4 (full 0):
 garbage-first heap   total 223232K, used 19549K [0x00000000d1200000, 0x0000000100000000)
  region size 1024K, 2 young (2048K), 2 survivors (2048K)
 Metaspace       used 9364K, capacity 9604K, committed 9856K, reserved 1058816K
  class space    used 988K, capacity 1071K, committed 1152K, reserved 1048576K
}
Event: 2.623 GC heap before
{Heap before GC invocations=4 (full 0):
 garbage-first heap   total 223232K, used 52317K [0x00000000d1200000, 0x0000000100000000)
  region size 1024K, 34 young (34816K), 2 survivors (2048K)
 Metaspace       used 9392K, capacity 9616K, committed 9856K, reserved 1058816K
  class space    used 988K, capacity 1071K, committed 1152K, reserved 1048576K
}
Event: 2.625 GC heap after
{Heap after GC invocations=5 (full 0):
 garbage-first heap   total 223232K, used 19600K [0x00000000d1200000, 0x0000000100000000)
  region size 1024K, 2 young (2048K), 2 survivors (2048K)
 Metaspace       used 9392K, capacity 9616K, committed 9856K, reserved 1058816K
  class space    used 988K, capacity 1071K, committed 1152K, reserved 1048576K
}
Event: 3.074 GC heap before
{Heap before GC invocations=5 (full 0):
 garbage-first heap   total 223232K, used 86160K [0x00000000d1200000, 0x0000000100000000)
  region size 1024K, 67 young (68608K), 2 survivors (2048K)
 Metaspace       used 14014K, capacity 14332K, committed 14592K, reserved 1062912K
  class space    used 1552K, capacity 1667K, committed 1792K, reserved 1048576K
}
Event: 3.077 GC heap after
{Heap after GC invocations=6 (full 0):
 garbage-first heap   total 223232K, used 20259K [0x00000000d1200000, 0x0000000100000000)
  region size 1024K, 3 young (3072K), 3 survivors (3072K)
 Metaspace       used 14014K, capacity 14332K, committed 14592K, reserved 1062912K
  class space    used 1552K, capacity 1667K, committed 1792K, reserved 1048576K
}
Event: 3.644 GC heap before
{Heap before GC invocations=6 (full 0):
 garbage-first heap   total 223232K, used 105251K [0x00000000d1200000, 0x0000000100000000)
  region size 1024K, 87 young (89088K), 3 survivors (3072K)
 Metaspace       used 20634K, capacity 21204K, committed 21296K, reserved 1069056K
  class space    used 2328K, capacity 2566K, committed 2608K, reserved 1048576K
}
Event: 3.653 GC heap after
{Heap after GC invocations=7 (full 0):
 garbage-first heap   total 223232K, used 23334K [0x00000000d1200000, 0x0000000100000000)
  region size 1024K, 6 young (6144K), 6 survivors (6144K)
 Metaspace       used 20634K, capacity 21204K, committed 21296K, reserved 1069056K
  class space    used 2328K, capacity 2566K, committed 2608K, reserved 1048576K
}

