# JRE version: OpenJDK Runtime Environment (11.0.20.1+1) (build 11.0.20.1+1-post-Ubuntu-0ubuntu122.04)
# Java VM: OpenJDK 64-Bit Server VM (11.0.20.1+1-post-Ubuntu-0ubuntu122.04, mixed mode, sharing, tiered, compressed oops, g1 gc, linux-amd64)
Heap:
 garbage-first heap   total 223232K, used 111581K [0x00000000d1200000, 0x0000000100000000)
  region size 1024K, 93 young (95232K), 6 survivors (6144K)
 Metaspace       used 27375K, capacity 28271K, committed 28412K, reserved 1075200K
  class space    used 3153K, capacity 3537K, committed 3580K, reserved 1048576K
GC Heap History (14 events):
Event: 0.262 GC heap before
{Heap before GC invocations=0 (full 0):
 garbage-first heap   total 223232K, used 10960K [0x00000000d1200000, 0x0000000100000000)
  region size 1024K, 11 young (11264K), 0 survivors (0K)
 Metaspace       used 1877K, capacity 5119K, committed 5376K, reserved 1056768K
  class space    used 175K, capacity 490K, committed 512K, reserved 1048576K
}
Event: 0.267 GC heap after
{Heap after GC invocations=1 (full 0):
 garbage-first heap   total 223232K, used 4519K [0x00000000d1200000, 0x0000000100000000)
  region size 1024K, 2 young (2048K), 2 survivors (2048K)
 Metaspace       used 1877K, capacity 5119K, committed 5376K, reserved 1056768K
  class space    used 175K, capacity 490K, committed 512K, reserved 1048576K
}
Event: 0.552 GC heap before
{Heap before GC invocations=1 (full 0):
 garbage-first heap   total 223232K, used 36263K [0x00000000d1200000, 0x0000000100000000)
  region size 1024K, 27 young (27648K), 2 survivors (2048K)
 Metaspace       used 5483K, capacity 6555K, committed 6656K, reserved 1056768K
  class space    used 547K, capacity 695K, committed 768K, reserved 1048576K
}
Event: 0.558 GC heap after
{Heap after GC invocations=2 (full 0):
 garbage-first heap   total 223232K, used 18312K [0x00000000d1200000, 0x0000000100000000)
  region size 1024K, 4 young (4096K), 4 survivors (4096K)
 Metaspace       used 5483K, capacity 6555K, committed 6656K, reserved 1056768K
  class space    used 547K, capacity 695K, committed 768K, reserved 1048576K
}
Event: 0.864 GC heap before
{Heap before GC invocations=2 (full 0):
 garbage-first heap   total 223232K, used 37768K [0x00000000d1200000, 0x0000000100000000)
  region size 1024K, 23 young (23552K), 4 survivors (4096K)
 Metaspace       used 8846K, capacity 9086K, committed 9344K, reserved 1056768K
  class space    used 969K, capacity 1070K, committed 1152K, reserved 1048576K
}
Event: 0.871 GC heap after
{Heap after GC invocations=3 (full 0):
 garbage-first heap   total 223232K, used 19580K [0x00000000d1200000, 0x0000000100000000)
  region size 1024K, 2 young (2048K), 2 survivors (2048K)
 Metaspace       used 8846K, capacity 9086K, committed 9344K, reserved 1056768K
  class space    used 969K, capacity 1070K, committed 1152K, reserved 1048576K
}
Event: 0.982 GC heap before
{Heap before GC invocations=3 (full 0):
 garbage-first heap   total 223232K, used 47228K [0x00000000d1200000, 0x0000000100000000)
  region size 1024K, 29 young (29696K), 2 survivors (2048K)
 Metaspace       used 9439K, capacity 9684K, committed 9856K, reserved 1058816K
  class space    used 989K, capacity 1071K, committed 1152K, reserved 1048576K
}
Event: 0.984 GC heap after
{Heap after GC invocations=4 (full 0):
 garbage-first heap   total 223232K, used 19652K [0x00000000d1200000, 0x0000000100000000)
  region size 1024K, 2 young (2048K), 2 survivors (2048K)
 Metaspace       used 9439K, capacity 9684K, committed 9856K, reserved 1058816K
  class space    used 989K, capacity 1071K, committed 1152K, reserved 1048576K
}
Event: 1.118 GC heap before
{Heap before GC invocations=4 (full 0):
 garbage-first heap   total 223232K, used 71876K [0x00000000d1200000, 0x0000000100000000)
  region size 1024K, 53 young (54272K), 2 survivors (2048K)
 Metaspace       used 10204K, capacity 10516K, committed 10752K, reserved 1058816K
  class space    used 1117K, capacity 1199K, committed 1280K, reserved 1048576K
}
Event: 1.121 GC heap after
{Heap after GC invocations=5 (full 0):
 garbage-first heap   total 223232K, used 19853K [0x00000000d1200000, 0x0000000100000000)
  region size 1024K, 2 young (2048K), 2 survivors (2048K)
 Metaspace       used 10204K, capacity 10516K, committed 10752K, reserved 1058816K
  class space    used 1117K, capacity 1199K, committed 1280K, reserved 1048576K
}
Event: 1.711 GC heap before
{Heap before GC invocations=5 (full 0):
 garbage-first heap   total 223232K, used 102797K [0x00000000d1200000, 0x0000000100000000)
  region size 1024K, 83 young (84992K), 2 survivors (2048K)
 Metaspace       used 18906K, capacity 19422K, committed 19584K, reserved 1067008K
  class space    used 2131K, capacity 2336K, committed 2432K, reserved 1048576K
}
Event: 1.718 GC heap after
{Heap after GC invocations=6 (full 0):
 garbage-first heap   total 223232K, used 21992K [0x00000000d1200000, 0x0000000100000000)
  region size 1024K, 4 young (4096K), 4 survivors (4096K)
 Metaspace       used 18906K, capacity 19422K, committed 19584K, reserved 1067008K
  class space    used 2131K, capacity 2336K, committed 2432K, reserved 1048576K
}
Event: 1.856 GC heap before
{Heap before GC invocations=6 (full 0):
 garbage-first heap   total 223232K, used 48616K [0x00000000d1200000, 0x0000000100000000)
  region size 1024K, 31 young (31744K), 4 survivors (4096K)
 Metaspace       used 20600K, capacity 21142K, committed 21296K, reserved 1069056K
  class space    used 2327K, capacity 2566K, committed 2608K, reserved 1048576K
}
Event: 1.861 GC heap after
{Heap after GC invocations=7 (full 0):
 garbage-first heap   total 223232K, used 23517K [0x00000000d1200000, 0x0000000100000000)
  region size 1024K, 6 young (6144K), 6 survivors (6144K)
 Metaspace       used 20600K, capacity 21142K, committed 21296K, reserved 1069056K
  class space    used 2327K, capacity 2566K, committed 2608K, reserved 1048576K
}

