# JRE version: OpenJDK Runtime Environment (11.0.20.1+1) (build 11.0.20.1+1-post-Ubuntu-0ubuntu122.04)
# Java VM: OpenJDK 64-Bit Server VM (11.0.20.1+1-post-Ubuntu-0ubuntu122.04, mixed mode, sharing, tiered, compressed oops, g1 gc, linux-amd64)
Heap:
 garbage-first heap   total 223232K, used 113328K [0x00000000d1200000, 0x0000000100000000)
  region size 1024K, 95 young (97280K), 6 survivors (6144K)
 Metaspace       used 27399K, capacity 28294K, committed 28412K, reserved 1075200K
  class space    used 3159K, capacity 3546K, committed 3580K, reserved 1048576K
GC Heap History (14 events):
Event: 0.379 GC heap before
{Heap before GC invocations=0 (full 0):
 garbage-first heap   total 223232K, used 10960K [0x00000000d1200000, 0x0000000100000000)
  region size 1024K, 11 young (11264K), 0 survivors (0K)
 Metaspace       used 1941K, capacity 5183K, committed 5376K, reserved 1056768K
  class space    used 187K, capacity 490K, committed 512K, reserved 1048576K
}
Event: 0.384 GC heap after
{Heap after GC invocations=1 (full 0):
 garbage-first heap   total 223232K, used 4505K [0x00000000d1200000, 0x0000000100000000)
  region size 1024K, 2 young (2048K), 2 survivors (2048K)
 Metaspace       used 1941K, capacity 5183K, committed 5376K, reserved 1056768K
  class space    used 187K, capacity 490K, committed 512K, reserved 1048576K
}
Event: 0.628 GC heap before
{Heap before GC invocations=1 (full 0):
 garbage-first heap   total 223232K, used 35225K [0x00000000d1200000, 0x0000000100000000)
  region size 1024K, 26 young (26624K), 2 survivors (2048K)
 Metaspace       used 4849K, capacity 6491K, committed 6656K, reserved 1056768K
  class space    used 479K, capacity 695K, committed 768K, reserved 1048576K
}
Event: 0.634 GC heap after
{Heap after GC invocations=2 (full 0):
 garbage-first heap   total 223232K, used 18104K [0x00000000d1200000, 0x0000000100000000)
  region size 1024K, 4 young (4096K), 4 survivors (4096K)
 Metaspace       used 4849K, capacity 6491K, committed 6656K, reserved 1056768K
  class space    used 479K, capacity 695K, committed 768K, reserved 1048576K
}
Event: 0.954 GC heap before
{Heap before GC invocations=2 (full 0):
 garbage-first heap   total 223232K, used 35512K [0x00000000d1200000, 0x0000000100000000)
  region size 1024K, 21 young (21504K), 4 survivors (4096K)
 Metaspace       used 8255K, capacity 8742K, committed 8960K, reserved 1056768K
  class space    used 912K, capacity 1020K, committed 1024K, reserved 1048576K
}
Event: 0.959 GC heap after
{Heap after GC invocations=3 (full 0):
 garbage-first heap   total 223232K, used 19349K [0x00000000d1200000, 0x0000000100000000)
  region size 1024K, 2 young (2048K), 2 survivors (2048K)
 Metaspace       used 8255K, capacity 8742K, committed 8960K, reserved 1056768K
  class space    used 912K, capacity 1020K, committed 1024K, reserved 1048576K
}
Event: 1.158 GC heap before
{Heap before GC invocations=3 (full 0):
 garbage-first heap   total 223232K, used 44949K [0x00000000d1200000, 0x0000000100000000)
  region size 1024K, 28 young (28672K), 2 survivors (2048K)
 Metaspace       used 9418K, capacity 9684K, committed 9856K, reserved 1058816K
  class space    used 987K, capacity 1071K, committed 1152K, reserved 1048576K
}
Event: 1.161 GC heap after
{Heap after GC invocations=4 (full 0):
 garbage-first heap   total 223232K, used 19572K [0x00000000d1200000, 0x0000000100000000)
  region size 1024K, 2 young (2048K), 2 survivors (2048K)
 Metaspace       used 9418K, capacity 9684K, committed 9856K, reserved 1058816K
  class space    used 987K, capacity 1071K, committed 1152K, reserved 1048576K
}
Event: 1.301 GC heap before
{Heap before GC invocations=4 (full 0):
 garbage-first heap   total 223232K, used 68724K [0x00000000d1200000, 0x0000000100000000)
  region size 1024K, 50 young (51200K), 2 survivors (2048K)
 Metaspace       used 9920K, capacity 10164K, committed 10496K, reserved 1058816K
  class space    used 1071K, capacity 1167K, committed 1280K, reserved 1048576K
}
Event: 1.303 GC heap after
{Heap after GC invocations=5 (full 0):
 garbage-first heap   total 223232K, used 19734K [0x00000000d1200000, 0x0000000100000000)
  region size 1024K, 2 young (2048K), 2 survivors (2048K)
 Metaspace       used 9920K, capacity 10164K, committed 10496K, reserved 1058816K
  class space    used 1071K, capacity 1167K, committed 1280K, reserved 1048576K
}
Event: 1.786 GC heap before
{Heap before GC invocations=5 (full 0):
 garbage-first heap   total 223232K, used 89366K [0x00000000d1200000, 0x0000000100000000)
  region size 1024K, 70 young (71680K), 2 survivors (2048K)
 Metaspace       used 17740K, capacity 18160K, committed 18304K, reserved 1064960K
  class space    used 1989K, capacity 2154K, committed 2176K, reserved 1048576K
}
Event: 1.790 GC heap after
{Heap after GC invocations=6 (full 0):
 garbage-first heap   total 223232K, used 21169K [0x00000000d1200000, 0x0000000100000000)
  region size 1024K, 4 young (4096K), 4 survivors (4096K)
 Metaspace       used 17740K, capacity 18160K, committed 18304K, reserved 1064960K
  class space    used 1989K, capacity 2154K, committed 2176K, reserved 1048576K
}
Event: 2.066 GC heap before
{Heap before GC invocations=6 (full 0):
 garbage-first heap   total 223232K, used 72369K [0x00000000d1200000, 0x0000000100000000)
  region size 1024K, 55 young (56320K), 4 survivors (4096K)
 Metaspace       used 20629K, capacity 21204K, committed 21296K, reserved 1069056K
  class space    used 2330K, capacity 2566K, committed 2608K, reserved 1048576K
}
Event: 2.077 GC heap after
{Heap after GC invocations=7 (full 0):
 garbage-first heap   total 223232K, used 23216K [0x00000000d1200000, 0x0000000100000000)
  region size 1024K, 6 young (6144K), 6 survivors (6144K)
 Metaspace       used 20629K, capacity 21204K, committed 21296K, reserved 1069056K
  class space    used 2330K, capacity 2566K, committed 2608K, reserved 1048576K
}

