# JRE version: OpenJDK Runtime Environment (11.0.20.1+1) (build 11.0.20.1+1-post-Ubuntu-0ubuntu122.04)
# Java VM: OpenJDK 64-Bit Server VM (11.0.20.1+1-post-Ubuntu-0ubuntu122.04, mixed mode, sharing, tiered, compressed oops, g1 gc, linux-amd64)
Heap:
 garbage-first heap   total 223232K, used 109795K [0x00000000d1200000, 0x0000000100000000)
  region size 1024K, 90 young (92160K), 5 survivors (5120K)
 Metaspace       used 27319K, capacity 28201K, committed 28412K, reserved 1075200K
  class space    used 3149K, capacity 3536K, committed 3580K, reserved 1048576K
GC Heap History (14 events):
Event: 0.505 GC heap before
{Heap before GC invocations=0 (full 0):
 garbage-first heap   total 223232K, used 10960K [0x00000000d1200000, 0x0000000100000000)
  region size 1024K, 11 young (11264K), 0 survivors (0K)
 Metaspace       used 1819K, capacity 5055K, committed 5120K, reserved 1056768K
  class space    used 173K, capacity 490K, committed 512K, reserved 1048576K
}
Event: 0.512 GC heap after
{Heap after GC invocations=1 (full 0):
 garbage-first heap   total 223232K, used 4805K [0x00000000d1200000, 0x0000000100000000)
  region size 1024K, 2 young (2048K), 2 survivors (2048K)
 Metaspace       used 1819K, capacity 5055K, committed 5120K, reserved 1056768K
  class space    used 173K, capacity 490K, committed 512K, reserved 1048576K
}
Event: 0.630 GC heap before
{Heap before GC invocations=1 (full 0):
 garbage-first heap   total 223232K, used 26309K [0x00000000d1200000, 0x0000000100000000)
  region size 1024K, 17 young (17408K), 2 survivors (2048K)
 Metaspace       used 2808K, capacity 5823K, committed 6016K, reserved 1056768K
  class space    used 237K, capacity 554K, committed 640K, reserved 1048576K
}
Event: 0.635 GC heap after
{Heap after GC invocations=2 (full 0):
 garbage-first heap   total 223232K, used 16254K [0x00000000d1200000, 0x0000000100000000)
  region size 1024K, 3 young (3072K), 3 survivors (3072K)
 Metaspace       used 2808K, capacity 5823K, committed 6016K, reserved 1056768K
  class space    used 237K, capacity 554K, committed 640K, reserved 1048576K
}
Event: 0.956 GC heap before
{Heap before GC invocations=2 (full 0):
 garbage-first heap   total 223232K, used 32638K [0x00000000d1200000, 0x0000000100000000)
  region size 1024K, 20 young (20480K), 3 survivors (3072K)
 Metaspace       used 6706K, capacity 7533K, committed 7808K, reserved 1056768K
  class space    used 729K, capacity 872K, committed 896K, reserved 1048576K
}
Event: 0.961 GC heap after
{Heap after GC invocations=3 (full 0):
 garbage-first heap   total 223232K, used 19197K [0x00000000d1200000, 0x0000000100000000)
  region size 1024K, 3 young (3072K), 3 survivors (3072K)
 Metaspace       used 6706K, capacity 7533K, committed 7808K, reserved 1056768K
  class space    used 729K, capacity 872K, committed 896K, reserved 1048576K
}
Event: 1.287 GC heap before
{Heap before GC invocations=3 (full 0):
 garbage-first heap   total 223232K, used 42749K [0x00000000d1200000, 0x0000000100000000)
  region size 1024K, 27 young (27648K), 3 survivors (3072K)
 Metaspace       used 9457K, capacity 9716K, committed 10112K, reserved 1058816K
  class space    used 991K, capacity 1103K, committed 1152K, reserved 1048576K
}
Event: 1.292 GC heap after
{Heap after GC invocations=4 (full 0):
 garbage-first heap   total 223232K, used 20140K [0x00000000d1200000, 0x0000000100000000)
  region size 1024K, 1 young (1024K), 1 survivors (1024K)
 Metaspace       used 9457K, capacity 9716K, committed 10112K, reserved 1058816K
  class space    used 991K, capacity 1103K, committed 1152K, reserved 1048576K
}
Event: 1.382 GC heap before
{Heap before GC invocations=4 (full 0):
 garbage-first heap   total 223232K, used 58028K [0x00000000d1200000, 0x0000000100000000)
  region size 1024K, 38 young (38912K), 1 survivors (1024K)
 Metaspace       used 9480K, capacity 9716K, committed 10112K, reserved 1058816K
  class space    used 991K, capacity 1103K, committed 1152K, reserved 1048576K
}
Event: 1.384 GC heap after
{Heap after GC invocations=5 (full 0):
 garbage-first heap   total 223232K, used 20115K [0x00000000d1200000, 0x0000000100000000)
  region size 1024K, 1 young (1024K), 1 survivors (1024K)
 Metaspace       used 9480K, capacity 9716K, committed 10112K, reserved 1058816K
  class space    used 991K, capacity 1103K, committed 1152K, reserved 1048576K
}
Event: 1.667 GC heap before
{Heap before GC invocations=5 (full 0):
 garbage-first heap   total 223232K, used 78483K [0x00000000d1200000, 0x0000000100000000)
  region size 1024K, 58 young (59392K), 1 survivors (1024K)
 Metaspace       used 14763K, capacity 15066K, committed 15232K, reserved 1062912K
  class space    used 1660K, capacity 1806K, committed 1920K, reserved 1048576K
}
Event: 1.669 GC heap after
{Heap after GC invocations=6 (full 0):
 garbage-first heap   total 223232K, used 20909K [0x00000000d1200000, 0x0000000100000000)
  region size 1024K, 2 young (2048K), 2 survivors (2048K)
 Metaspace       used 14763K, capacity 15066K, committed 15232K, reserved 1062912K
  class space    used 1660K, capacity 1806K, committed 1920K, reserved 1048576K
}
Event: 2.127 GC heap before
{Heap before GC invocations=6 (full 0):
 garbage-first heap   total 223232K, used 100781K [0x00000000d1200000, 0x0000000100000000)
  region size 1024K, 81 young (82944K), 2 survivors (2048K)
 Metaspace       used 20636K, capacity 21206K, committed 21296K, reserved 1069056K
  class space    used 2331K, capacity 2566K, committed 2608K, reserved 1048576K
}
Event: 2.146 GC heap after
{Heap after GC invocations=7 (full 0):
 garbage-first heap   total 223232K, used 23779K [0x00000000d1200000, 0x0000000100000000)
  region size 1024K, 5 young (5120K), 5 survivors (5120K)
 Metaspace       used 20636K, capacity 21206K, committed 21296K, reserved 1069056K
  class space    used 2331K, capacity 2566K, committed 2608K, reserved 1048576K
}

