# JRE version: OpenJDK Runtime Environment (11.0.20.1+1) (build 11.0.20.1+1-post-Ubuntu-0ubuntu122.04)
# Java VM: OpenJDK 64-Bit Server VM (11.0.20.1+1-post-Ubuntu-0ubuntu122.04, mixed mode, sharing, tiered, compressed oops, g1 gc, linux-amd64)
Heap:
 garbage-first heap   total 223232K, used 110967K [0x00000000d1200000, 0x0000000100000000)
  region size 1024K, 91 young (93184K), 5 survivors (5120K)
 Metaspace       used 27373K, capacity 28232K, committed 28412K, reserved 1075200K
  class space    used 3154K, capacity 3546K, committed 3580K, reserved 1048576K
GC Heap History (14 events):
Event: 0.300 GC heap before
{Heap before GC invocations=0 (full 0):
 garbage-first heap   total 223232K, used 10960K [0x00000000d1200000, 0x0000000100000000)
  region size 1024K, 11 young (11264K), 0 survivors (0K)
 Metaspace       used 1821K, capacity 5055K, committed 5120K, reserved 1056768K
  class space    used 173K, capacity 490K, committed 512K, reserved 1048576K
}
Event: 0.306 GC heap after
{Heap after GC invocations=1 (full 0):
 garbage-first heap   total 223232K, used 4600K [0x00000000d1200000, 0x0000000100000000)
  region size 1024K, 2 young (2048K), 2 survivors (2048K)
 Metaspace       used 1821K, capacity 5055K, committed 5120K, reserved 1056768K
  class space    used 173K, capacity 490K, committed 512K, reserved 1048576K
}
Event: 0.397 GC heap before
{Heap before GC invocations=1 (full 0):
 garbage-first heap   total 223232K, used 17912K [0x00000000d1200000, 0x0000000100000000)
  region size 1024K, 11 young (11264K), 2 survivors (2048K)
 Metaspace       used 1943K, capacity 5055K, committed 5120K, reserved 1056768K
  class space    used 173K, capacity 490K, committed 512K, reserved 1048576K
}
Event: 0.413 GC heap after
{Heap after GC invocations=2 (full 0):
 garbage-first heap   total 223232K, used 13922K [0x00000000d1200000, 0x0000000100000000)
  region size 1024K, 2 young (2048K), 2 survivors (2048K)
 Metaspace       used 1943K, capacity 5055K, committed 5120K, reserved 1056768K
  class space    used 173K, capacity 490K, committed 512K, reserved 1048576K
}
Event: 1.327 GC heap before
{Heap before GC invocations=2 (full 0):
 garbage-first heap   total 223232K, used 35426K [0x00000000d1200000, 0x0000000100000000)
  region size 1024K, 21 young (21504K), 2 survivors (2048K)
 Metaspace       used 5948K, capacity 7042K, committed 7296K, reserved 1056768K
  class space    used 647K, capacity 793K, committed 896K, reserved 1048576K
}
Event: 1.333 GC heap after
{Heap after GC invocations=3 (full 0):
 garbage-first heap   total 223232K, used 18621K [0x00000000d1200000, 0x0000000100000000)
  region size 1024K, 3 young (3072K), 3 survivors (3072K)
 Metaspace       used 5948K, capacity 7042K, committed 7296K, reserved 1056768K
  class space    used 647K, capacity 793K, committed 896K, reserved 1048576K
}
Event: 2.009 GC heap before
{Heap before GC invocations=3 (full 0):
 garbage-first heap   total 223232K, used 45245K [0x00000000d1200000, 0x0000000100000000)
  region size 1024K, 29 young (29696K), 3 survivors (3072K)
 Metaspace       used 9359K, capacity 9604K, committed 9856K, reserved 1058816K
  class space    used 986K, capacity 1071K, committed 1152K, reserved 1048576K
}
Event: 2.018 GC heap after
{Heap after GC invocations=4 (full 0):
 garbage-first heap   total 223232K, used 20176K [0x00000000d1200000, 0x0000000100000000)
  region size 1024K, 2 young (2048K), 2 survivors (2048K)
 Metaspace       used 9359K, capacity 9604K, committed 9856K, reserved 1058816K
  class space    used 986K, capacity 1071K, committed 1152K, reserved 1048576K
}
Event: 2.198 GC heap before
{Heap before GC invocations=4 (full 0):
 garbage-first heap   total 223232K, used 59088K [0x00000000d1200000, 0x0000000100000000)
  region size 1024K, 40 young (40960K), 2 survivors (2048K)
 Metaspace       used 9382K, capacity 9604K, committed 9856K, reserved 1058816K
  class space    used 986K, capacity 1071K, committed 1152K, reserved 1048576K
}
Event: 2.202 GC heap after
{Heap after GC invocations=5 (full 0):
 garbage-first heap   total 223232K, used 20156K [0x00000000d1200000, 0x0000000100000000)
  region size 1024K, 2 young (2048K), 2 survivors (2048K)
 Metaspace       used 9382K, capacity 9604K, committed 9856K, reserved 1058816K
  class space    used 986K, capacity 1071K, committed 1152K, reserved 1048576K
}
Event: 2.920 GC heap before
{Heap before GC invocations=5 (full 0):
 garbage-first heap   total 223232K, used 103100K [0x00000000d1200000, 0x0000000100000000)
  region size 1024K, 83 young (84992K), 2 survivors (2048K)
 Metaspace       used 17285K, capacity 17677K, committed 17792K, reserved 1064960K
  class space    used 1936K, capacity 2100K, committed 2176K, reserved 1048576K
}
Event: 2.924 GC heap after
{Heap after GC invocations=6 (full 0):
 garbage-first heap   total 223232K, used 21598K [0x00000000d1200000, 0x0000000100000000)
  region size 1024K, 3 young (3072K), 3 survivors (3072K)
 Metaspace       used 17285K, capacity 17677K, committed 17792K, reserved 1064960K
  class space    used 1936K, capacity 2100K, committed 2176K, reserved 1048576K
}
Event: 3.253 GC heap before
{Heap before GC invocations=6 (full 0):
 garbage-first heap   total 223232K, used 80990K [0x00000000d1200000, 0x0000000100000000)
  region size 1024K, 62 young (63488K), 3 survivors (3072K)
 Metaspace       used 20638K, capacity 21206K, committed 21296K, reserved 1069056K
  class space    used 2327K, capacity 2566K, committed 2608K, reserved 1048576K
}
Event: 3.261 GC heap after
{Heap after GC invocations=7 (full 0):
 garbage-first heap   total 223232K, used 23927K [0x00000000d1200000, 0x0000000100000000)
  region size 1024K, 5 young (5120K), 5 survivors (5120K)
 Metaspace       used 20638K, capacity 21206K, committed 21296K, reserved 1069056K
  class space    used 2327K, capacity 2566K, committed 2608K, reserved 1048576K
}

