# JRE version: OpenJDK Runtime Environment (11.0.20.1+1) (build 11.0.20.1+1-post-Ubuntu-0ubuntu122.04)
# Java VM: OpenJDK 64-Bit Server VM (11.0.20.1+1-post-Ubuntu-0ubuntu122.04, mixed mode, sharing, tiered, compressed oops, g1 gc, linux-amd64)
Heap:
 garbage-first heap   total 223232K, used 103415K [0x00000000d1200000, 0x0000000100000000)
  region size 1024K, 84 young (86016K), 5 survivors (5120K)
 Metaspace       used 26861K, capacity 27797K, committed 28080K, reserved 1073152K
  class space    used 3136K, capacity 3538K, committed 3584K, reserved 1048576K
GC Heap History (14 events):
Event: 0.212 GC heap before
{Heap before GC invocations=0 (full 0):
 garbage-first heap   total 223232K, used 13008K [0x00000000d1200000, 0x0000000100000000)
  region size 1024K, 11 young (11264K), 0 survivors (0K)
 Metaspace       used 1989K, capacity 5052K, committed 5120K, reserved 1056768K
  class space    used 190K, capacity 491K, committed 512K, reserved 1048576K
}
Event: 0.217 GC heap after
{Heap after GC invocations=1 (full 0):
 garbage-first heap   total 223232K, used 6458K [0x00000000d1200000, 0x0000000100000000)
  region size 1024K, 2 young (2048K), 2 survivors (2048K)
 Metaspace       used 1989K, capacity 5052K, committed 5120K, reserved 1056768K
  class space    used 190K, capacity 491K, committed 512K, reserved 1048576K
}
Event: 0.258 GC heap before
{Heap before GC invocations=1 (full 0):
 garbage-first heap   total 223232K, used 16698K [0x00000000d1200000, 0x0000000100000000)
  region size 1024K, 10 young (10240K), 2 survivors (2048K)
 Metaspace       used 2094K, capacity 5052K, committed 5120K, reserved 1056768K
  class space    used 190K, capacity 491K, committed 512K, reserved 1048576K
}
Event: 0.262 GC heap after
{Heap after GC invocations=2 (full 0):
 garbage-first heap   total 223232K, used 14581K [0x00000000d1200000, 0x0000000100000000)
  region size 1024K, 2 young (2048K), 2 survivors (2048K)
 Metaspace       used 2094K, capacity 5052K, committed 5120K, reserved 1056768K
  class space    used 190K, capacity 491K, committed 512K, reserved 1048576K
}
Event: 0.528 GC heap before
{Heap before GC invocations=2 (full 0):
 garbage-first heap   total 223232K, used 33013K [0x00000000d1200000, 0x0000000100000000)
  region size 1024K, 19 young (19456K), 2 survivors (2048K)
 Metaspace       used 6417K, capacity 7280K, committed 7552K, reserved 1056768K
  class space    used 699K, capacity 832K, committed 896K, reserved 1048576K
}
Event: 0.531 GC heap after
{Heap after GC invocations=3 (full 0):
 garbage-first heap   total 223232K, used 18969K [0x00000000d1200000, 0x0000000100000000)
  region size 1024K, 3 young (3072K), 3 survivors (3072K)
 Metaspace       used 6417K, capacity 7280K, committed 7552K, reserved 1056768K
  class space    used 699K, capacity 832K, committed 896K, reserved 1048576K
}
Event: 0.836 GC heap before
{Heap before GC invocations=3 (full 0):
 garbage-first heap   total 223232K, used 44569K [0x00000000d1200000, 0x0000000100000000)
  region size 1024K, 28 young (28672K), 3 survivors (3072K)
 Metaspace       used 9490K, capacity 9720K, committed 9856K, reserved 1058816K
  class space    used 1007K, capacity 1112K, committed 1152K, reserved 1048576K
}
Event: 0.839 GC heap after
{Heap after GC invocations=4 (full 0):
 garbage-first heap   total 223232K, used 19840K [0x00000000d1200000, 0x0000000100000000)
  region size 1024K, 1 young (1024K), 1 survivors (1024K)
 Metaspace       used 9490K, capacity 9720K, committed 9856K, reserved 1058816K
  class space    used 1007K, capacity 1112K, committed 1152K, reserved 1048576K
}
Event: 0.955 GC heap before
{Heap before GC invocations=4 (full 0):
 garbage-first heap   total 223232K, used 58752K [0x00000000d1200000, 0x0000000100000000)
  region size 1024K, 39 young (39936K), 1 survivors (1024K)
 Metaspace       used 9594K, capacity 9880K, committed 10112K, reserved 1058816K
  class space    used 1024K, capacity 1144K, committed 1152K, reserved 1048576K
}
Event: 0.957 GC heap after
{Heap after GC invocations=5 (full 0):
 garbage-first heap   total 223232K, used 19872K [0x00000000d1200000, 0x0000000100000000)
  region size 1024K, 1 young (1024K), 1 survivors (1024K)
 Metaspace       used 9594K, capacity 9880K, committed 10112K, reserved 1058816K
  class space    used 1024K, capacity 1144K, committed 1152K, reserved 1048576K
}
Event: 1.325 GC heap before
{Heap before GC invocations=5 (full 0):
 garbage-first heap   total 223232K, used 79264K [0x00000000d1200000, 0x0000000100000000)
  region size 1024K, 59 young (60416K), 1 survivors (1024K)
 Metaspace       used 15996K, capacity 16367K, committed 16640K, reserved 1064960K
  class space    used 1794K, capacity 1944K, committed 2048K, reserved 1048576K
}
Event: 1.329 GC heap after
{Heap after GC invocations=6 (full 0):
 garbage-first heap   total 223232K, used 21267K [0x00000000d1200000, 0x0000000100000000)
  region size 1024K, 3 young (3072K), 3 survivors (3072K)
 Metaspace       used 15996K, capacity 16367K, committed 16640K, reserved 1064960K
  class space    used 1794K, capacity 1944K, committed 2048K, reserved 1048576K
}
Event: 1.687 GC heap before
{Heap before GC invocations=6 (full 0):
 garbage-first heap   total 223232K, used 91923K [0x00000000d1200000, 0x0000000100000000)
  region size 1024K, 73 young (74752K), 3 survivors (3072K)
 Metaspace       used 20596K, capacity 21151K, committed 21296K, reserved 1069056K
  class space    used 2343K, capacity 2599K, committed 2688K, reserved 1048576K
}
Event: 1.703 GC heap after
{Heap after GC invocations=7 (full 0):
 garbage-first heap   total 223232K, used 23543K [0x00000000d1200000, 0x0000000100000000)
  region size 1024K, 5 young (5120K), 5 survivors (5120K)
 Metaspace       used 20596K, capacity 21151K, committed 21296K, reserved 1069056K
  class space    used 2343K, capacity 2599K, committed 2688K, reserved 1048576K
}

