# JRE version: OpenJDK Runtime Environment (11.0.20.1+1) (build 11.0.20.1+1-post-Ubuntu-0ubuntu122.04)
# Java VM: OpenJDK 64-Bit Server VM (11.0.20.1+1-post-Ubuntu-0ubuntu122.04, mixed mode, sharing, tiered, compressed oops, g1 gc, linux-amd64)
Heap:
 garbage-first heap   total 223232K, used 107466K [0x00000000d1200000, 0x0000000100000000)
  region size 1024K, 89 young (91136K), 6 survivors (6144K)
 Metaspace       used 27277K, capacity 28201K, committed 28464K, reserved 1075200K
  class space    used 3147K, capacity 3536K, committed 3632K, reserved 1048576K
GC Heap History (14 events):
Event: 0.249 GC heap before
{Heap before GC invocations=0 (full 0):
 garbage-first heap   total 223232K, used 10960K [0x00000000d1200000, 0x0000000100000000)
  region size 1024K, 11 young (11264K), 0 survivors (0K)
 Metaspace       used 1819K, capacity 5055K, committed 5120K, reserved 1056768K
  class space    used 173K, capacity 490K, committed 512K, reserved 1048576K
}
Event: 0.254 GC heap after
{Heap after GC invocations=1 (full 0):
 garbage-first heap   total 223232K, used 4665K [0x00000000d1200000, 0x0000000100000000)
  region size 1024K, 2 young (2048K), 2 survivors (2048K)
 Metaspace       used 1819K, capacity 5055K, committed 5120K, reserved 1056768K
  class space    used 173K, capacity 490K, committed 512K, reserved 1048576K
}
Event: 0.570 GC heap before
{Heap before GC invocations=1 (full 0):
 garbage-first heap   total 223232K, used 35385K [0x00000000d1200000, 0x0000000100000000)
  region size 1024K, 26 young (26624K), 2 survivors (2048K)
 Metaspace       used 5259K, capacity 6491K, committed 6656K, reserved 1056768K
  class space    used 524K, capacity 695K, committed 768K, reserved 1048576K
}
Event: 0.577 GC heap after
{Heap after GC invocations=2 (full 0):
 garbage-first heap   total 223232K, used 18181K [0x00000000d1200000, 0x0000000100000000)
  region size 1024K, 4 young (4096K), 4 survivors (4096K)
 Metaspace       used 5259K, capacity 6491K, committed 6656K, reserved 1056768K
  class space    used 524K, capacity 695K, committed 768K, reserved 1048576K
}
Event: 1.018 GC heap before
{Heap before GC invocations=2 (full 0):
 garbage-first heap   total 223232K, used 37637K [0x00000000d1200000, 0x0000000100000000)
  region size 1024K, 23 young (23552K), 4 survivors (4096K)
 Metaspace       used 8814K, capacity 9080K, committed 9344K, reserved 1056768K
  class space    used 963K, capacity 1068K, committed 1152K, reserved 1048576K
}
Event: 1.024 GC heap after
{Heap after GC invocations=3 (full 0):
 garbage-first heap   total 223232K, used 19545K [0x00000000d1200000, 0x0000000100000000)
  region size 1024K, 2 young (2048K), 2 survivors (2048K)
 Metaspace       used 8814K, capacity 9080K, committed 9344K, reserved 1056768K
  class space    used 963K, capacity 1068K, committed 1152K, reserved 1048576K
}
Event: 1.134 GC heap before
{Heap before GC invocations=3 (full 0):
 garbage-first heap   total 223232K, used 46169K [0x00000000d1200000, 0x0000000100000000)
  region size 1024K, 29 young (29696K), 2 survivors (2048K)
 Metaspace       used 9434K, capacity 9684K, committed 9856K, reserved 1058816K
  class space    used 987K, capacity 1071K, committed 1152K, reserved 1048576K
}
Event: 1.136 GC heap after
{Heap after GC invocations=4 (full 0):
 garbage-first heap   total 223232K, used 19669K [0x00000000d1200000, 0x0000000100000000)
  region size 1024K, 2 young (2048K), 2 survivors (2048K)
 Metaspace       used 9434K, capacity 9684K, committed 9856K, reserved 1058816K
  class space    used 987K, capacity 1071K, committed 1152K, reserved 1048576K
}
Event: 1.284 GC heap before
{Heap before GC invocations=4 (full 0):
 garbage-first heap   total 223232K, used 70869K [0x00000000d1200000, 0x0000000100000000)
  region size 1024K, 52 young (53248K), 2 survivors (2048K)
 Metaspace       used 10208K, capacity 10516K, committed 10752K, reserved 1058816K
  class space    used 1115K, capacity 1199K, committed 1280K, reserved 1048576K
}
Event: 1.286 GC heap after
{Heap after GC invocations=5 (full 0):
 garbage-first heap   total 223232K, used 19824K [0x00000000d1200000, 0x0000000100000000)
  region size 1024K, 2 young (2048K), 2 survivors (2048K)
 Metaspace       used 10208K, capacity 10516K, committed 10752K, reserved 1058816K
  class space    used 1115K, capacity 1199K, committed 1280K, reserved 1048576K
}
Event: 1.876 GC heap before
{Heap before GC invocations=5 (full 0):
 garbage-first heap   total 223232K, used 98672K [0x00000000d1200000, 0x0000000100000000)
  region size 1024K, 79 young (80896K), 2 survivors (2048K)
 Metaspace       used 18894K, capacity 19422K, committed 19584K, reserved 1067008K
  class space    used 2129K, capacity 2336K, committed 2432K, reserved 1048576K
}
Event: 1.882 GC heap after
{Heap after GC invocations=6 (full 0):
 garbage-first heap   total 223232K, used 21961K [0x00000000d1200000, 0x0000000100000000)
  region size 1024K, 4 young (4096K), 4 survivors (4096K)
 Metaspace       used 18894K, capacity 19422K, committed 19584K, reserved 1067008K
  class space    used 2129K, capacity 2336K, committed 2432K, reserved 1048576K
}
Event: 2.057 GC heap before
{Heap before GC invocations=6 (full 0):
 garbage-first heap   total 223232K, used 52681K [0x00000000d1200000, 0x0000000100000000)
  region size 1024K, 35 young (35840K), 4 survivors (4096K)
 Metaspace       used 20604K, capacity 21142K, committed 21296K, reserved 1069056K
  class space    used 2326K, capacity 2566K, committed 2608K, reserved 1048576K
}
Event: 2.064 GC heap after
{Heap after GC invocations=7 (full 0):
 garbage-first heap   total 223232K, used 23498K [0x00000000d1200000, 0x0000000100000000)
  region size 1024K, 6 young (6144K), 6 survivors (6144K)
 Metaspace       used 20604K, capacity 21142K, committed 21296K, reserved 1069056K
  class space    used 2326K, capacity 2566K, committed 2608K, reserved 1048576K
}

